-------------------------------------------------------------------------------
Test set: MinimaxMITest
-------------------------------------------------------------------------------
Tests run: 4, Failures: 0, Errors: 1, Skipped: 0, Time elapsed: 0.053 s <<< FAILURE! -- in MinimaxMITest
MinimaxMITest.testKiertekelesVagyZeroMelyseg -- Time elapsed: 0.023 s <<< ERROR!
java.lang.StackOverflowError
	at Tabla.getSzabalyosLepesek(Tabla.java:50)
	at MinimaxMI.minimaxKiertekeles(MinimaxMI.java:37)
	at MinimaxMI.minimaxKiertekeles(MinimaxMI.java:51)
	at MinimaxMI.minimaxKiertekeles(MinimaxMI.java:61)
	at MinimaxMI.minimaxKiertekeles(MinimaxMI.java:51)
	at MinimaxMI.minimaxKiertekeles(MinimaxMI.java:61)
	at MinimaxMI.minimaxKiertekeles(MinimaxMI.java:51)
	at MinimaxMI.minimaxKiertekeles(MinimaxMI.java:61)
	at MinimaxMI.minimaxKiertekeles(MinimaxMI.java:51)
	at MinimaxMI.minimaxKiertekeles(MinimaxMI.java:61)
	at MinimaxMI.minimaxKiertekeles(MinimaxMI.java:51)
	at MinimaxMI.minimaxKiertekeles(MinimaxMI.java:61)
	at MinimaxMI.minimaxKiertekeles(MinimaxMI.java:51)
	at MinimaxMI.minimaxKiertekeles(MinimaxMI.java:61)
	at MinimaxMI.minimaxKiertekeles(MinimaxMI.java:51)
	at MinimaxMI.minimaxKiertekeles(MinimaxMI.java:61)
	at MinimaxMI.minimaxKiertekeles(MinimaxMI.java:51)
	at MinimaxMI.minimaxKiertekeles(MinimaxMI.java:61)
	at MinimaxMI.minimaxKiertekeles(MinimaxMI.java:51)
	at MinimaxMI.minimaxKiertekeles(MinimaxMI.java:61)
	at MinimaxMI.minimaxKiertekeles(MinimaxMI.java:51)
	at MinimaxMI.minimaxKiertekeles(MinimaxMI.java:61)
	at MinimaxMI.minimaxKiertekeles(MinimaxMI.java:51)
	at MinimaxMI.minimaxKiertekeles(MinimaxMI.java:61)
	at MinimaxMI.minimaxKiertekeles(MinimaxMI.java:51)
	at MinimaxMI.minimaxKiertekeles(MinimaxMI.java:61)
	at MinimaxMI.minimaxKiertekeles(MinimaxMI.java:51)
	at MinimaxMI.minimaxKiertekeles(MinimaxMI.java:61)
	at MinimaxMI.minimaxKiertekeles(MinimaxMI.java:51)
	at MinimaxMI.minimaxKiertekeles(MinimaxMI.java:61)
	at MinimaxMI.minimaxKiertekeles(MinimaxMI.java:51)
	at MinimaxMI.minimaxKiertekeles(MinimaxMI.java:61)
	at MinimaxMI.minimaxKiertekeles(MinimaxMI.java:51)
	at MinimaxMI.minimaxKiertekeles(MinimaxMI.java:61)
	at MinimaxMI.minimaxKiertekeles(MinimaxMI.java:51)
	at MinimaxMI.minimaxKiertekeles(MinimaxMI.java:61)
	at MinimaxMI.minimaxKiertekeles(MinimaxMI.java:51)
	at MinimaxMI.minimaxKiertekeles(MinimaxMI.java:61)
	at MinimaxMI.minimaxKiertekeles(MinimaxMI.java:51)
	at MinimaxMI.minimaxKiertekeles(MinimaxMI.java:61)
	at MinimaxMI.minimaxKiertekeles(MinimaxMI.java:51)
	at MinimaxMI.minimaxKiertekeles(MinimaxMI.java:61)
	at MinimaxMI.minimaxKiertekeles(MinimaxMI.java:51)
	at MinimaxMI.minimaxKiertekeles(MinimaxMI.java:61)
	at MinimaxMI.minimaxKiertekeles(MinimaxMI.java:51)
	at MinimaxMI.minimaxKiertekeles(MinimaxMI.java:61)
	at MinimaxMI.minimaxKiertekeles(MinimaxMI.java:51)
	at MinimaxMI.minimaxKiertekeles(MinimaxMI.java:61)
	at MinimaxMI.minimaxKiertekeles(MinimaxMI.java:51)
	at MinimaxMI.minimaxKiertekeles(MinimaxMI.java:61)
	at MinimaxMI.minimaxKiertekeles(MinimaxMI.java:51)
	at MinimaxMI.minimaxKiertekeles(MinimaxMI.java:61)
	at MinimaxMI.minimaxKiertekeles(MinimaxMI.java:51)
	at MinimaxMI.minimaxKiertekeles(MinimaxMI.java:61)
	at MinimaxMI.minimaxKiertekeles(MinimaxMI.java:51)
	at MinimaxMI.minimaxKiertekeles(MinimaxMI.java:61)
	at MinimaxMI.minimaxKiertekeles(MinimaxMI.java:51)
	at MinimaxMI.minimaxKiertekeles(MinimaxMI.java:61)
	at MinimaxMI.minimaxKiertekeles(MinimaxMI.java:51)
	at MinimaxMI.minimaxKiertekeles(MinimaxMI.java:61)
	at MinimaxMI.minimaxKiertekeles(MinimaxMI.java:51)
	at MinimaxMI.minimaxKiertekeles(MinimaxMI.java:61)
	at MinimaxMI.minimaxKiertekeles(MinimaxMI.java:51)
	at MinimaxMI.minimaxKiertekeles(MinimaxMI.java:61)
	at MinimaxMI.minimaxKiertekeles(MinimaxMI.java:51)
	at MinimaxMI.minimaxKiertekeles(MinimaxMI.java:61)
	at MinimaxMI.minimaxKiertekeles(MinimaxMI.java:51)
	at MinimaxMI.minimaxKiertekeles(MinimaxMI.java:61)
	at MinimaxMI.minimaxKiertekeles(MinimaxMI.java:51)
	at MinimaxMI.minimaxKiertekeles(MinimaxMI.java:61)
	at MinimaxMI.minimaxKiertekeles(MinimaxMI.java:51)
	at MinimaxMI.minimaxKiertekeles(MinimaxMI.java:61)
	at MinimaxMI.minimaxKiertekeles(MinimaxMI.java:51)
	at MinimaxMI.minimaxKiertekeles(MinimaxMI.java:61)
	at MinimaxMI.minimaxKiertekeles(MinimaxMI.java:51)
	at MinimaxMI.minimaxKiertekeles(MinimaxMI.java:61)
	at MinimaxMI.minimaxKiertekeles(MinimaxMI.java:51)
	at MinimaxMI.minimaxKiertekeles(MinimaxMI.java:61)
	at MinimaxMI.minimaxKiertekeles(MinimaxMI.java:51)
	at MinimaxMI.minimaxKiertekeles(MinimaxMI.java:61)
	at MinimaxMI.minimaxKiertekeles(MinimaxMI.java:51)
	at MinimaxMI.minimaxKiertekeles(MinimaxMI.java:61)
	at MinimaxMI.minimaxKiertekeles(MinimaxMI.java:51)
	at MinimaxMI.minimaxKiertekeles(MinimaxMI.java:61)
	at MinimaxMI.minimaxKiertekeles(MinimaxMI.java:51)
	at MinimaxMI.minimaxKiertekeles(MinimaxMI.java:61)
	at MinimaxMI.minimaxKiertekeles(MinimaxMI.java:51)
	at MinimaxMI.minimaxKiertekeles(MinimaxMI.java:61)
	at MinimaxMI.minimaxKiertekeles(MinimaxMI.java:51)
	at MinimaxMI.minimaxKiertekeles(MinimaxMI.java:61)
	at MinimaxMI.minimaxKiertekeles(MinimaxMI.java:51)
	at MinimaxMI.minimaxKiertekeles(MinimaxMI.java:61)
	at MinimaxMI.minimaxKiertekeles(MinimaxMI.java:51)
	at MinimaxMI.minimaxKiertekeles(MinimaxMI.java:61)
	at MinimaxMI.minimaxKiertekeles(MinimaxMI.java:51)
	at MinimaxMI.minimaxKiertekeles(MinimaxMI.java:61)
	at MinimaxMI.minimaxKiertekeles(MinimaxMI.java:51)
	at MinimaxMI.minimaxKiertekeles(MinimaxMI.java:61)
	at MinimaxMI.minimaxKiertekeles(MinimaxMI.java:51)
	at MinimaxMI.minimaxKiertekeles(MinimaxMI.java:61)
	at MinimaxMI.minimaxKiertekeles(MinimaxMI.java:51)
	at MinimaxMI.minimaxKiertekeles(MinimaxMI.java:61)
	at MinimaxMI.minimaxKiertekeles(MinimaxMI.java:51)
	at MinimaxMI.minimaxKiertekeles(MinimaxMI.java:61)
	at MinimaxMI.minimaxKiertekeles(MinimaxMI.java:51)
	at MinimaxMI.minimaxKiertekeles(MinimaxMI.java:61)
	at MinimaxMI.minimaxKiertekeles(MinimaxMI.java:51)
	at MinimaxMI.minimaxKiertekeles(MinimaxMI.java:61)
	at MinimaxMI.minimaxKiertekeles(MinimaxMI.java:51)
	at MinimaxMI.minimaxKiertekeles(MinimaxMI.java:61)
	at MinimaxMI.minimaxKiertekeles(MinimaxMI.java:51)
	at MinimaxMI.minimaxKiertekeles(MinimaxMI.java:61)
	at MinimaxMI.minimaxKiertekeles(MinimaxMI.java:51)
	at MinimaxMI.minimaxKiertekeles(MinimaxMI.java:61)
	at MinimaxMI.minimaxKiertekeles(MinimaxMI.java:51)
	at MinimaxMI.minimaxKiertekeles(MinimaxMI.java:61)
	at MinimaxMI.minimaxKiertekeles(MinimaxMI.java:51)
	at MinimaxMI.minimaxKiertekeles(MinimaxMI.java:61)
	at MinimaxMI.minimaxKiertekeles(MinimaxMI.java:51)
	at MinimaxMI.minimaxKiertekeles(MinimaxMI.java:61)
	at MinimaxMI.minimaxKiertekeles(MinimaxMI.java:51)
	at MinimaxMI.minimaxKiertekeles(MinimaxMI.java:61)
	at MinimaxMI.minimaxKiertekeles(MinimaxMI.java:51)
	at MinimaxMI.minimaxKiertekeles(MinimaxMI.java:61)
	at MinimaxMI.minimaxKiertekeles(MinimaxMI.java:51)
	at MinimaxMI.minimaxKiertekeles(MinimaxMI.java:61)
	at MinimaxMI.minimaxKiertekeles(MinimaxMI.java:51)
	at MinimaxMI.minimaxKiertekeles(MinimaxMI.java:61)
	at MinimaxMI.minimaxKiertekeles(MinimaxMI.java:51)
	at MinimaxMI.minimaxKiertekeles(MinimaxMI.java:61)
	at MinimaxMI.minimaxKiertekeles(MinimaxMI.java:51)
	at MinimaxMI.minimaxKiertekeles(MinimaxMI.java:61)
	at MinimaxMI.minimaxKiertekeles(MinimaxMI.java:51)
	at MinimaxMI.minimaxKiertekeles(MinimaxMI.java:61)
	at MinimaxMI.minimaxKiertekeles(MinimaxMI.java:51)
	at MinimaxMI.minimaxKiertekeles(MinimaxMI.java:61)
	at MinimaxMI.minimaxKiertekeles(MinimaxMI.java:51)
	at MinimaxMI.minimaxKiertekeles(MinimaxMI.java:61)
	at MinimaxMI.minimaxKiertekeles(MinimaxMI.java:51)
	at MinimaxMI.minimaxKiertekeles(MinimaxMI.java:61)
	at MinimaxMI.minimaxKiertekeles(MinimaxMI.java:51)
	at MinimaxMI.minimaxKiertekeles(MinimaxMI.java:61)
	at MinimaxMI.minimaxKiertekeles(MinimaxMI.java:51)
	at MinimaxMI.minimaxKiertekeles(MinimaxMI.java:61)
	at MinimaxMI.minimaxKiertekeles(MinimaxMI.java:51)
	at MinimaxMI.minimaxKiertekeles(MinimaxMI.java:61)
	at MinimaxMI.minimaxKiertekeles(MinimaxMI.java:51)
	at MinimaxMI.minimaxKiertekeles(MinimaxMI.java:61)
	at MinimaxMI.minimaxKiertekeles(MinimaxMI.java:51)
	at MinimaxMI.minimaxKiertekeles(MinimaxMI.java:61)
	at MinimaxMI.minimaxKiertekeles(MinimaxMI.java:51)
	at MinimaxMI.minimaxKiertekeles(MinimaxMI.java:61)
	at MinimaxMI.minimaxKiertekeles(MinimaxMI.java:51)
	at MinimaxMI.minimaxKiertekeles(MinimaxMI.java:61)
	at MinimaxMI.minimaxKiertekeles(MinimaxMI.java:51)
	at MinimaxMI.minimaxKiertekeles(MinimaxMI.java:61)
	at MinimaxMI.minimaxKiertekeles(MinimaxMI.java:51)
	at MinimaxMI.minimaxKiertekeles(MinimaxMI.java:61)
	at MinimaxMI.minimaxKiertekeles(MinimaxMI.java:51)
	at MinimaxMI.minimaxKiertekeles(MinimaxMI.java:61)
	at MinimaxMI.minimaxKiertekeles(MinimaxMI.java:51)
	at MinimaxMI.minimaxKiertekeles(MinimaxMI.java:61)
	at MinimaxMI.minimaxKiertekeles(MinimaxMI.java:51)
	at MinimaxMI.minimaxKiertekeles(MinimaxMI.java:61)
	at MinimaxMI.minimaxKiertekeles(MinimaxMI.java:51)
	at MinimaxMI.minimaxKiertekeles(MinimaxMI.java:61)
	at MinimaxMI.minimaxKiertekeles(MinimaxMI.java:51)
	at MinimaxMI.minimaxKiertekeles(MinimaxMI.java:61)
	at MinimaxMI.minimaxKiertekeles(MinimaxMI.java:51)
	at MinimaxMI.minimaxKiertekeles(MinimaxMI.java:61)
	at MinimaxMI.minimaxKiertekeles(MinimaxMI.java:51)
	at MinimaxMI.minimaxKiertekeles(MinimaxMI.java:61)
	at MinimaxMI.minimaxKiertekeles(MinimaxMI.java:51)
	at MinimaxMI.minimaxKiertekeles(MinimaxMI.java:61)
	at MinimaxMI.minimaxKiertekeles(MinimaxMI.java:51)
	at MinimaxMI.minimaxKiertekeles(MinimaxMI.java:61)
	at MinimaxMI.minimaxKiertekeles(MinimaxMI.java:51)
	at MinimaxMI.minimaxKiertekeles(MinimaxMI.java:61)
	at MinimaxMI.minimaxKiertekeles(MinimaxMI.java:51)
	at MinimaxMI.minimaxKiertekeles(MinimaxMI.java:61)
	at MinimaxMI.minimaxKiertekeles(MinimaxMI.java:51)
	at MinimaxMI.minimaxKiertekeles(MinimaxMI.java:61)
	at MinimaxMI.minimaxKiertekeles(MinimaxMI.java:51)
	at MinimaxMI.minimaxKiertekeles(MinimaxMI.java:61)
	at MinimaxMI.minimaxKiertekeles(MinimaxMI.java:51)
	at MinimaxMI.minimaxKiertekeles(MinimaxMI.java:61)
	at MinimaxMI.minimaxKiertekeles(MinimaxMI.java:51)
	at MinimaxMI.minimaxKiertekeles(MinimaxMI.java:61)
	at MinimaxMI.minimaxKiertekeles(MinimaxMI.java:51)
	at MinimaxMI.minimaxKiertekeles(MinimaxMI.java:61)
	at MinimaxMI.minimaxKiertekeles(MinimaxMI.java:51)
	at MinimaxMI.minimaxKiertekeles(MinimaxMI.java:61)
	at MinimaxMI.minimaxKiertekeles(MinimaxMI.java:51)
	at MinimaxMI.minimaxKiertekeles(MinimaxMI.java:61)
	at MinimaxMI.minimaxKiertekeles(MinimaxMI.java:51)
	at MinimaxMI.minimaxKiertekeles(MinimaxMI.java:61)
	at MinimaxMI.minimaxKiertekeles(MinimaxMI.java:51)
	at MinimaxMI.minimaxKiertekeles(MinimaxMI.java:61)
	at MinimaxMI.minimaxKiertekeles(MinimaxMI.java:51)
	at MinimaxMI.minimaxKiertekeles(MinimaxMI.java:61)
	at MinimaxMI.minimaxKiertekeles(MinimaxMI.java:51)
	at MinimaxMI.minimaxKiertekeles(MinimaxMI.java:61)
	at MinimaxMI.minimaxKiertekeles(MinimaxMI.java:51)
	at MinimaxMI.minimaxKiertekeles(MinimaxMI.java:61)
	at MinimaxMI.minimaxKiertekeles(MinimaxMI.java:51)
	at MinimaxMI.minimaxKiertekeles(MinimaxMI.java:61)
	at MinimaxMI.minimaxKiertekeles(MinimaxMI.java:51)
	at MinimaxMI.minimaxKiertekeles(MinimaxMI.java:61)
	at MinimaxMI.minimaxKiertekeles(MinimaxMI.java:51)
	at MinimaxMI.minimaxKiertekeles(MinimaxMI.java:61)
	at MinimaxMI.minimaxKiertekeles(MinimaxMI.java:51)
	at MinimaxMI.minimaxKiertekeles(MinimaxMI.java:61)
	at MinimaxMI.minimaxKiertekeles(MinimaxMI.java:51)
	at MinimaxMI.minimaxKiertekeles(MinimaxMI.java:61)
	at MinimaxMI.minimaxKiertekeles(MinimaxMI.java:51)
	at MinimaxMI.minimaxKiertekeles(MinimaxMI.java:61)
	at MinimaxMI.minimaxKiertekeles(MinimaxMI.java:51)
	at MinimaxMI.minimaxKiertekeles(MinimaxMI.java:61)
	at MinimaxMI.minimaxKiertekeles(MinimaxMI.java:51)
	at MinimaxMI.minimaxKiertekeles(MinimaxMI.java:61)
	at MinimaxMI.minimaxKiertekeles(MinimaxMI.java:51)
	at MinimaxMI.minimaxKiertekeles(MinimaxMI.java:61)
	at MinimaxMI.minimaxKiertekeles(MinimaxMI.java:51)
	at MinimaxMI.minimaxKiertekeles(MinimaxMI.java:61)
	at MinimaxMI.minimaxKiertekeles(MinimaxMI.java:51)
	at MinimaxMI.minimaxKiertekeles(MinimaxMI.java:61)
	at MinimaxMI.minimaxKiertekeles(MinimaxMI.java:51)
	at MinimaxMI.minimaxKiertekeles(MinimaxMI.java:61)
	at MinimaxMI.minimaxKiertekeles(MinimaxMI.java:51)
	at MinimaxMI.minimaxKiertekeles(MinimaxMI.java:61)
	at MinimaxMI.minimaxKiertekeles(MinimaxMI.java:51)
	at MinimaxMI.minimaxKiertekeles(MinimaxMI.java:61)
	at MinimaxMI.minimaxKiertekeles(MinimaxMI.java:51)
	at MinimaxMI.minimaxKiertekeles(MinimaxMI.java:61)
	at MinimaxMI.minimaxKiertekeles(MinimaxMI.java:51)
	at MinimaxMI.minimaxKiertekeles(MinimaxMI.java:61)
	at MinimaxMI.minimaxKiertekeles(MinimaxMI.java:51)
	at MinimaxMI.minimaxKiertekeles(MinimaxMI.java:61)
	at MinimaxMI.minimaxKiertekeles(MinimaxMI.java:51)
	at MinimaxMI.minimaxKiertekeles(MinimaxMI.java:61)
	at MinimaxMI.minimaxKiertekeles(MinimaxMI.java:51)
	at MinimaxMI.minimaxKiertekeles(MinimaxMI.java:61)
	at MinimaxMI.minimaxKiertekeles(MinimaxMI.java:51)
	at MinimaxMI.minimaxKiertekeles(MinimaxMI.java:61)
	at MinimaxMI.minimaxKiertekeles(MinimaxMI.java:51)
	at MinimaxMI.minimaxKiertekeles(MinimaxMI.java:61)
	at MinimaxMI.minimaxKiertekeles(MinimaxMI.java:51)
	at MinimaxMI.minimaxKiertekeles(MinimaxMI.java:61)
	at MinimaxMI.minimaxKiertekeles(MinimaxMI.java:51)
	at MinimaxMI.minimaxKiertekeles(MinimaxMI.java:61)
	at MinimaxMI.minimaxKiertekeles(MinimaxMI.java:51)
	at MinimaxMI.minimaxKiertekeles(MinimaxMI.java:61)
	at MinimaxMI.minimaxKiertekeles(MinimaxMI.java:51)
	at MinimaxMI.minimaxKiertekeles(MinimaxMI.java:61)
	at MinimaxMI.minimaxKiertekeles(MinimaxMI.java:51)
	at MinimaxMI.minimaxKiertekeles(MinimaxMI.java:61)
	at MinimaxMI.minimaxKiertekeles(MinimaxMI.java:51)
	at MinimaxMI.minimaxKiertekeles(MinimaxMI.java:61)
	at MinimaxMI.minimaxKiertekeles(MinimaxMI.java:51)
	at MinimaxMI.minimaxKiertekeles(MinimaxMI.java:61)
	at MinimaxMI.minimaxKiertekeles(MinimaxMI.java:51)
	at MinimaxMI.minimaxKiertekeles(MinimaxMI.java:61)
	at MinimaxMI.minimaxKiertekeles(MinimaxMI.java:51)
	at MinimaxMI.minimaxKiertekeles(MinimaxMI.java:61)
	at MinimaxMI.minimaxKiertekeles(MinimaxMI.java:51)
	at MinimaxMI.minimaxKiertekeles(MinimaxMI.java:61)
	at MinimaxMI.minimaxKiertekeles(MinimaxMI.java:51)
	at MinimaxMI.minimaxKiertekeles(MinimaxMI.java:61)
	at MinimaxMI.minimaxKiertekeles(MinimaxMI.java:51)
	at MinimaxMI.minimaxKiertekeles(MinimaxMI.java:61)
	at MinimaxMI.minimaxKiertekeles(MinimaxMI.java:51)
	at MinimaxMI.minimaxKiertekeles(MinimaxMI.java:61)
	at MinimaxMI.minimaxKiertekeles(MinimaxMI.java:51)
	at MinimaxMI.minimaxKiertekeles(MinimaxMI.java:61)
	at MinimaxMI.minimaxKiertekeles(MinimaxMI.java:51)
	at MinimaxMI.minimaxKiertekeles(MinimaxMI.java:61)
	at MinimaxMI.minimaxKiertekeles(MinimaxMI.java:51)
	at MinimaxMI.minimaxKiertekeles(MinimaxMI.java:61)
	at MinimaxMI.minimaxKiertekeles(MinimaxMI.java:51)
	at MinimaxMI.minimaxKiertekeles(MinimaxMI.java:61)
	at MinimaxMI.minimaxKiertekeles(MinimaxMI.java:51)
	at MinimaxMI.minimaxKiertekeles(MinimaxMI.java:61)
	at MinimaxMI.minimaxKiertekeles(MinimaxMI.java:51)
	at MinimaxMI.minimaxKiertekeles(MinimaxMI.java:61)
	at MinimaxMI.minimaxKiertekeles(MinimaxMI.java:51)
	at MinimaxMI.minimaxKiertekeles(MinimaxMI.java:61)
	at MinimaxMI.minimaxKiertekeles(MinimaxMI.java:51)
	at MinimaxMI.minimaxKiertekeles(MinimaxMI.java:61)
	at MinimaxMI.minimaxKiertekeles(MinimaxMI.java:51)
	at MinimaxMI.minimaxKiertekeles(MinimaxMI.java:61)
	at MinimaxMI.minimaxKiertekeles(MinimaxMI.java:51)
	at MinimaxMI.minimaxKiertekeles(MinimaxMI.java:61)
	at MinimaxMI.minimaxKiertekeles(MinimaxMI.java:51)
	at MinimaxMI.minimaxKiertekeles(MinimaxMI.java:61)
	at MinimaxMI.minimaxKiertekeles(MinimaxMI.java:51)
	at MinimaxMI.minimaxKiertekeles(MinimaxMI.java:61)
	at MinimaxMI.minimaxKiertekeles(MinimaxMI.java:51)
	at MinimaxMI.minimaxKiertekeles(MinimaxMI.java:61)
	at MinimaxMI.minimaxKiertekeles(MinimaxMI.java:51)
	at MinimaxMI.minimaxKiertekeles(MinimaxMI.java:61)
	at MinimaxMI.minimaxKiertekeles(MinimaxMI.java:51)
	at MinimaxMI.minimaxKiertekeles(MinimaxMI.java:61)
	at MinimaxMI.minimaxKiertekeles(MinimaxMI.java:51)
	at MinimaxMI.minimaxKiertekeles(MinimaxMI.java:61)
	at MinimaxMI.minimaxKiertekeles(MinimaxMI.java:51)
	at MinimaxMI.minimaxKiertekeles(MinimaxMI.java:61)
	at MinimaxMI.minimaxKiertekeles(MinimaxMI.java:51)
	at MinimaxMI.minimaxKiertekeles(MinimaxMI.java:61)
	at MinimaxMI.minimaxKiertekeles(MinimaxMI.java:51)
	at MinimaxMI.minimaxKiertekeles(MinimaxMI.java:61)
	at MinimaxMI.minimaxKiertekeles(MinimaxMI.java:51)
	at MinimaxMI.minimaxKiertekeles(MinimaxMI.java:61)
	at MinimaxMI.minimaxKiertekeles(MinimaxMI.java:51)
	at MinimaxMI.minimaxKiertekeles(MinimaxMI.java:61)
	at MinimaxMI.minimaxKiertekeles(MinimaxMI.java:51)
	at MinimaxMI.minimaxKiertekeles(MinimaxMI.java:61)
	at MinimaxMI.minimaxKiertekeles(MinimaxMI.java:51)
	at MinimaxMI.minimaxKiertekeles(MinimaxMI.java:61)
	at MinimaxMI.minimaxKiertekeles(MinimaxMI.java:51)
	at MinimaxMI.minimaxKiertekeles(MinimaxMI.java:61)
	at MinimaxMI.minimaxKiertekeles(MinimaxMI.java:51)
	at MinimaxMI.minimaxKiertekeles(MinimaxMI.java:61)
	at MinimaxMI.minimaxKiertekeles(MinimaxMI.java:51)
	at MinimaxMI.minimaxKiertekeles(MinimaxMI.java:61)
	at MinimaxMI.minimaxKiertekeles(MinimaxMI.java:51)
	at MinimaxMI.minimaxKiertekeles(MinimaxMI.java:61)
	at MinimaxMI.minimaxKiertekeles(MinimaxMI.java:51)
	at MinimaxMI.minimaxKiertekeles(MinimaxMI.java:61)
	at MinimaxMI.minimaxKiertekeles(MinimaxMI.java:51)
	at MinimaxMI.minimaxKiertekeles(MinimaxMI.java:61)
	at MinimaxMI.minimaxKiertekeles(MinimaxMI.java:51)
	at MinimaxMI.minimaxKiertekeles(MinimaxMI.java:61)
	at MinimaxMI.minimaxKiertekeles(MinimaxMI.java:51)
	at MinimaxMI.minimaxKiertekeles(MinimaxMI.java:61)
	at MinimaxMI.minimaxKiertekeles(MinimaxMI.java:51)
	at MinimaxMI.minimaxKiertekeles(MinimaxMI.java:61)
	at MinimaxMI.minimaxKiertekeles(MinimaxMI.java:51)
	at MinimaxMI.minimaxKiertekeles(MinimaxMI.java:61)
	at MinimaxMI.minimaxKiertekeles(MinimaxMI.java:51)
	at MinimaxMI.minimaxKiertekeles(MinimaxMI.java:61)
	at MinimaxMI.minimaxKiertekeles(MinimaxMI.java:51)
	at MinimaxMI.minimaxKiertekeles(MinimaxMI.java:61)
	at MinimaxMI.minimaxKiertekeles(MinimaxMI.java:51)
	at MinimaxMI.minimaxKiertekeles(MinimaxMI.java:61)
	at MinimaxMI.minimaxKiertekeles(MinimaxMI.java:51)
	at MinimaxMI.minimaxKiertekeles(MinimaxMI.java:61)
	at MinimaxMI.minimaxKiertekeles(MinimaxMI.java:51)
	at MinimaxMI.minimaxKiertekeles(MinimaxMI.java:61)
	at MinimaxMI.minimaxKiertekeles(MinimaxMI.java:51)
	at MinimaxMI.minimaxKiertekeles(MinimaxMI.java:61)
	at MinimaxMI.minimaxKiertekeles(MinimaxMI.java:51)
	at MinimaxMI.minimaxKiertekeles(MinimaxMI.java:61)
	at MinimaxMI.minimaxKiertekeles(MinimaxMI.java:51)
	at MinimaxMI.minimaxKiertekeles(MinimaxMI.java:61)
	at MinimaxMI.minimaxKiertekeles(MinimaxMI.java:51)
	at MinimaxMI.minimaxKiertekeles(MinimaxMI.java:61)
	at MinimaxMI.minimaxKiertekeles(MinimaxMI.java:51)
	at MinimaxMI.minimaxKiertekeles(MinimaxMI.java:61)
	at MinimaxMI.minimaxKiertekeles(MinimaxMI.java:51)
	at MinimaxMI.minimaxKiertekeles(MinimaxMI.java:61)
	at MinimaxMI.minimaxKiertekeles(MinimaxMI.java:51)
	at MinimaxMI.minimaxKiertekeles(MinimaxMI.java:61)
	at MinimaxMI.minimaxKiertekeles(MinimaxMI.java:51)
	at MinimaxMI.minimaxKiertekeles(MinimaxMI.java:61)
	at MinimaxMI.minimaxKiertekeles(MinimaxMI.java:51)
	at MinimaxMI.minimaxKiertekeles(MinimaxMI.java:61)
	at MinimaxMI.minimaxKiertekeles(MinimaxMI.java:51)
	at MinimaxMI.minimaxKiertekeles(MinimaxMI.java:61)
	at MinimaxMI.minimaxKiertekeles(MinimaxMI.java:51)
	at MinimaxMI.minimaxKiertekeles(MinimaxMI.java:61)
	at MinimaxMI.minimaxKiertekeles(MinimaxMI.java:51)
	at MinimaxMI.minimaxKiertekeles(MinimaxMI.java:61)
	at MinimaxMI.minimaxKiertekeles(MinimaxMI.java:51)
	at MinimaxMI.minimaxKiertekeles(MinimaxMI.java:61)
	at MinimaxMI.minimaxKiertekeles(MinimaxMI.java:51)
	at MinimaxMI.minimaxKiertekeles(MinimaxMI.java:61)
	at MinimaxMI.minimaxKiertekeles(MinimaxMI.java:51)
	at MinimaxMI.minimaxKiertekeles(MinimaxMI.java:61)
	at MinimaxMI.minimaxKiertekeles(MinimaxMI.java:51)
	at MinimaxMI.minimaxKiertekeles(MinimaxMI.java:61)
	at MinimaxMI.minimaxKiertekeles(MinimaxMI.java:51)
	at MinimaxMI.minimaxKiertekeles(MinimaxMI.java:61)
	at MinimaxMI.minimaxKiertekeles(MinimaxMI.java:51)
	at MinimaxMI.minimaxKiertekeles(MinimaxMI.java:61)
	at MinimaxMI.minimaxKiertekeles(MinimaxMI.java:51)
	at MinimaxMI.minimaxKiertekeles(MinimaxMI.java:61)
	at MinimaxMI.minimaxKiertekeles(MinimaxMI.java:51)
	at MinimaxMI.minimaxKiertekeles(MinimaxMI.java:61)
	at MinimaxMI.minimaxKiertekeles(MinimaxMI.java:51)
	at MinimaxMI.minimaxKiertekeles(MinimaxMI.java:61)
	at MinimaxMI.minimaxKiertekeles(MinimaxMI.java:51)
	at MinimaxMI.minimaxKiertekeles(MinimaxMI.java:61)
	at MinimaxMI.minimaxKiertekeles(MinimaxMI.java:51)
	at MinimaxMI.minimaxKiertekeles(MinimaxMI.java:61)
	at MinimaxMI.minimaxKiertekeles(MinimaxMI.java:51)
	at MinimaxMI.minimaxKiertekeles(MinimaxMI.java:61)
	at MinimaxMI.minimaxKiertekeles(MinimaxMI.java:51)
	at MinimaxMI.minimaxKiertekeles(MinimaxMI.java:61)
	at MinimaxMI.minimaxKiertekeles(MinimaxMI.java:51)
	at MinimaxMI.minimaxKiertekeles(MinimaxMI.java:61)
	at MinimaxMI.minimaxKiertekeles(MinimaxMI.java:51)
	at MinimaxMI.minimaxKiertekeles(MinimaxMI.java:61)
	at MinimaxMI.minimaxKiertekeles(MinimaxMI.java:51)
	at MinimaxMI.minimaxKiertekeles(MinimaxMI.java:61)
	at MinimaxMI.minimaxKiertekeles(MinimaxMI.java:51)
	at MinimaxMI.minimaxKiertekeles(MinimaxMI.java:61)
	at MinimaxMI.minimaxKiertekeles(MinimaxMI.java:51)
	at MinimaxMI.minimaxKiertekeles(MinimaxMI.java:61)
	at MinimaxMI.minimaxKiertekeles(MinimaxMI.java:51)
	at MinimaxMI.minimaxKiertekeles(MinimaxMI.java:61)
	at MinimaxMI.minimaxKiertekeles(MinimaxMI.java:51)
	at MinimaxMI.minimaxKiertekeles(MinimaxMI.java:61)
	at MinimaxMI.minimaxKiertekeles(MinimaxMI.java:51)
	at MinimaxMI.minimaxKiertekeles(MinimaxMI.java:61)
	at MinimaxMI.minimaxKiertekeles(MinimaxMI.java:51)
	at MinimaxMI.minimaxKiertekeles(MinimaxMI.java:61)
	at MinimaxMI.minimaxKiertekeles(MinimaxMI.java:51)
	at MinimaxMI.minimaxKiertekeles(MinimaxMI.java:61)
	at MinimaxMI.minimaxKiertekeles(MinimaxMI.java:51)
	at MinimaxMI.minimaxKiertekeles(MinimaxMI.java:61)
	at MinimaxMI.minimaxKiertekeles(MinimaxMI.java:51)
	at MinimaxMI.minimaxKiertekeles(MinimaxMI.java:61)
	at MinimaxMI.minimaxKiertekeles(MinimaxMI.java:51)
	at MinimaxMI.minimaxKiertekeles(MinimaxMI.java:61)
	at MinimaxMI.minimaxKiertekeles(MinimaxMI.java:51)
	at MinimaxMI.minimaxKiertekeles(MinimaxMI.java:61)
	at MinimaxMI.minimaxKiertekeles(MinimaxMI.java:51)
	at MinimaxMI.minimaxKiertekeles(MinimaxMI.java:61)
	at MinimaxMI.minimaxKiertekeles(MinimaxMI.java:51)
	at MinimaxMI.minimaxKiertekeles(MinimaxMI.java:61)
	at MinimaxMI.minimaxKiertekeles(MinimaxMI.java:51)
	at MinimaxMI.minimaxKiertekeles(MinimaxMI.java:61)
	at MinimaxMI.minimaxKiertekeles(MinimaxMI.java:51)
	at MinimaxMI.minimaxKiertekeles(MinimaxMI.java:61)
	at MinimaxMI.minimaxKiertekeles(MinimaxMI.java:51)
	at MinimaxMI.minimaxKiertekeles(MinimaxMI.java:61)
	at MinimaxMI.minimaxKiertekeles(MinimaxMI.java:51)
	at MinimaxMI.minimaxKiertekeles(MinimaxMI.java:61)
	at MinimaxMI.minimaxKiertekeles(MinimaxMI.java:51)
	at MinimaxMI.minimaxKiertekeles(MinimaxMI.java:61)
	at MinimaxMI.minimaxKiertekeles(MinimaxMI.java:51)
	at MinimaxMI.minimaxKiertekeles(MinimaxMI.java:61)
	at MinimaxMI.minimaxKiertekeles(MinimaxMI.java:51)
	at MinimaxMI.minimaxKiertekeles(MinimaxMI.java:61)
	at MinimaxMI.minimaxKiertekeles(MinimaxMI.java:51)
	at MinimaxMI.minimaxKiertekeles(MinimaxMI.java:61)
	at MinimaxMI.minimaxKiertekeles(MinimaxMI.java:51)
	at MinimaxMI.minimaxKiertekeles(MinimaxMI.java:61)
	at MinimaxMI.minimaxKiertekeles(MinimaxMI.java:51)
	at MinimaxMI.minimaxKiertekeles(MinimaxMI.java:61)
	at MinimaxMI.minimaxKiertekeles(MinimaxMI.java:51)
	at MinimaxMI.minimaxKiertekeles(MinimaxMI.java:61)
	at MinimaxMI.minimaxKiertekeles(MinimaxMI.java:51)
	at MinimaxMI.minimaxKiertekeles(MinimaxMI.java:61)
	at MinimaxMI.minimaxKiertekeles(MinimaxMI.java:51)
	at MinimaxMI.minimaxKiertekeles(MinimaxMI.java:61)
	at MinimaxMI.minimaxKiertekeles(MinimaxMI.java:51)
	at MinimaxMI.minimaxKiertekeles(MinimaxMI.java:61)
	at MinimaxMI.minimaxKiertekeles(MinimaxMI.java:51)
	at MinimaxMI.minimaxKiertekeles(MinimaxMI.java:61)
	at MinimaxMI.minimaxKiertekeles(MinimaxMI.java:51)
	at MinimaxMI.minimaxKiertekeles(MinimaxMI.java:61)
	at MinimaxMI.minimaxKiertekeles(MinimaxMI.java:51)
	at MinimaxMI.minimaxKiertekeles(MinimaxMI.java:61)
	at MinimaxMI.minimaxKiertekeles(MinimaxMI.java:51)
	at MinimaxMI.minimaxKiertekeles(MinimaxMI.java:61)
	at MinimaxMI.minimaxKiertekeles(MinimaxMI.java:51)
	at MinimaxMI.minimaxKiertekeles(MinimaxMI.java:61)
	at MinimaxMI.minimaxKiertekeles(MinimaxMI.java:51)
	at MinimaxMI.minimaxKiertekeles(MinimaxMI.java:61)
	at MinimaxMI.minimaxKiertekeles(MinimaxMI.java:51)
	at MinimaxMI.minimaxKiertekeles(MinimaxMI.java:61)
	at MinimaxMI.minimaxKiertekeles(MinimaxMI.java:51)
	at MinimaxMI.minimaxKiertekeles(MinimaxMI.java:61)
	at MinimaxMI.minimaxKiertekeles(MinimaxMI.java:51)
	at MinimaxMI.minimaxKiertekeles(MinimaxMI.java:61)
	at MinimaxMI.minimaxKiertekeles(MinimaxMI.java:51)
	at MinimaxMI.minimaxKiertekeles(MinimaxMI.java:61)
	at MinimaxMI.minimaxKiertekeles(MinimaxMI.java:51)
	at MinimaxMI.minimaxKiertekeles(MinimaxMI.java:61)
	at MinimaxMI.minimaxKiertekeles(MinimaxMI.java:51)
	at MinimaxMI.minimaxKiertekeles(MinimaxMI.java:61)
	at MinimaxMI.minimaxKiertekeles(MinimaxMI.java:51)
	at MinimaxMI.minimaxKiertekeles(MinimaxMI.java:61)
	at MinimaxMI.minimaxKiertekeles(MinimaxMI.java:51)
	at MinimaxMI.minimaxKiertekeles(MinimaxMI.java:61)
	at MinimaxMI.minimaxKiertekeles(MinimaxMI.java:51)
	at MinimaxMI.minimaxKiertekeles(MinimaxMI.java:61)
	at MinimaxMI.minimaxKiertekeles(MinimaxMI.java:51)
	at MinimaxMI.minimaxKiertekeles(MinimaxMI.java:61)
	at MinimaxMI.minimaxKiertekeles(MinimaxMI.java:51)
	at MinimaxMI.minimaxKiertekeles(MinimaxMI.java:61)
	at MinimaxMI.minimaxKiertekeles(MinimaxMI.java:51)
	at MinimaxMI.minimaxKiertekeles(MinimaxMI.java:61)
	at MinimaxMI.minimaxKiertekeles(MinimaxMI.java:51)
	at MinimaxMI.minimaxKiertekeles(MinimaxMI.java:61)
	at MinimaxMI.minimaxKiertekeles(MinimaxMI.java:51)
	at MinimaxMI.minimaxKiertekeles(MinimaxMI.java:61)
	at MinimaxMI.minimaxKiertekeles(MinimaxMI.java:51)
	at MinimaxMI.minimaxKiertekeles(MinimaxMI.java:61)
	at MinimaxMI.minimaxKiertekeles(MinimaxMI.java:51)
	at MinimaxMI.minimaxKiertekeles(MinimaxMI.java:61)
	at MinimaxMI.minimaxKiertekeles(MinimaxMI.java:51)
	at MinimaxMI.minimaxKiertekeles(MinimaxMI.java:61)
	at MinimaxMI.minimaxKiertekeles(MinimaxMI.java:51)
	at MinimaxMI.minimaxKiertekeles(MinimaxMI.java:61)
	at MinimaxMI.minimaxKiertekeles(MinimaxMI.java:51)
	at MinimaxMI.minimaxKiertekeles(MinimaxMI.java:61)
	at MinimaxMI.minimaxKiertekeles(MinimaxMI.java:51)
	at MinimaxMI.minimaxKiertekeles(MinimaxMI.java:61)
	at MinimaxMI.minimaxKiertekeles(MinimaxMI.java:51)
	at MinimaxMI.minimaxKiertekeles(MinimaxMI.java:61)
	at MinimaxMI.minimaxKiertekeles(MinimaxMI.java:51)
	at MinimaxMI.minimaxKiertekeles(MinimaxMI.java:61)
	at MinimaxMI.minimaxKiertekeles(MinimaxMI.java:51)
	at MinimaxMI.minimaxKiertekeles(MinimaxMI.java:61)
	at MinimaxMI.minimaxKiertekeles(MinimaxMI.java:51)
	at MinimaxMI.minimaxKiertekeles(MinimaxMI.java:61)
	at MinimaxMI.minimaxKiertekeles(MinimaxMI.java:51)
	at MinimaxMI.minimaxKiertekeles(MinimaxMI.java:61)
	at MinimaxMI.minimaxKiertekeles(MinimaxMI.java:51)
	at MinimaxMI.minimaxKiertekeles(MinimaxMI.java:61)
	at MinimaxMI.minimaxKiertekeles(MinimaxMI.java:51)
	at MinimaxMI.minimaxKiertekeles(MinimaxMI.java:61)
	at MinimaxMI.minimaxKiertekeles(MinimaxMI.java:51)
	at MinimaxMI.minimaxKiertekeles(MinimaxMI.java:61)
	at MinimaxMI.minimaxKiertekeles(MinimaxMI.java:51)
	at MinimaxMI.minimaxKiertekeles(MinimaxMI.java:61)
	at MinimaxMI.minimaxKiertekeles(MinimaxMI.java:51)
	at MinimaxMI.minimaxKiertekeles(MinimaxMI.java:61)
	at MinimaxMI.minimaxKiertekeles(MinimaxMI.java:51)
	at MinimaxMI.minimaxKiertekeles(MinimaxMI.java:61)
	at MinimaxMI.minimaxKiertekeles(MinimaxMI.java:51)
	at MinimaxMI.minimaxKiertekeles(MinimaxMI.java:61)
	at MinimaxMI.minimaxKiertekeles(MinimaxMI.java:51)
	at MinimaxMI.minimaxKiertekeles(MinimaxMI.java:61)
	at MinimaxMI.minimaxKiertekeles(MinimaxMI.java:51)
	at MinimaxMI.minimaxKiertekeles(MinimaxMI.java:61)
	at MinimaxMI.minimaxKiertekeles(MinimaxMI.java:51)
	at MinimaxMI.minimaxKiertekeles(MinimaxMI.java:61)
	at MinimaxMI.minimaxKiertekeles(MinimaxMI.java:51)
	at MinimaxMI.minimaxKiertekeles(MinimaxMI.java:61)
	at MinimaxMI.minimaxKiertekeles(MinimaxMI.java:51)
	at MinimaxMI.minimaxKiertekeles(MinimaxMI.java:61)
	at MinimaxMI.minimaxKiertekeles(MinimaxMI.java:51)
	at MinimaxMI.minimaxKiertekeles(MinimaxMI.java:61)
	at MinimaxMI.minimaxKiertekeles(MinimaxMI.java:51)
	at MinimaxMI.minimaxKiertekeles(MinimaxMI.java:61)
	at MinimaxMI.minimaxKiertekeles(MinimaxMI.java:51)
	at MinimaxMI.minimaxKiertekeles(MinimaxMI.java:61)
	at MinimaxMI.minimaxKiertekeles(MinimaxMI.java:51)
	at MinimaxMI.minimaxKiertekeles(MinimaxMI.java:61)
	at MinimaxMI.minimaxKiertekeles(MinimaxMI.java:51)
	at MinimaxMI.minimaxKiertekeles(MinimaxMI.java:61)
	at MinimaxMI.minimaxKiertekeles(MinimaxMI.java:51)
	at MinimaxMI.minimaxKiertekeles(MinimaxMI.java:61)
	at MinimaxMI.minimaxKiertekeles(MinimaxMI.java:51)
	at MinimaxMI.minimaxKiertekeles(MinimaxMI.java:61)
	at MinimaxMI.minimaxKiertekeles(MinimaxMI.java:51)
	at MinimaxMI.minimaxKiertekeles(MinimaxMI.java:61)
	at MinimaxMI.minimaxKiertekeles(MinimaxMI.java:51)
	at MinimaxMI.minimaxKiertekeles(MinimaxMI.java:61)
	at MinimaxMI.minimaxKiertekeles(MinimaxMI.java:51)
	at MinimaxMI.minimaxKiertekeles(MinimaxMI.java:61)
	at MinimaxMI.minimaxKiertekeles(MinimaxMI.java:51)
	at MinimaxMI.minimaxKiertekeles(MinimaxMI.java:61)
	at MinimaxMI.minimaxKiertekeles(MinimaxMI.java:51)
	at MinimaxMI.minimaxKiertekeles(MinimaxMI.java:61)
	at MinimaxMI.minimaxKiertekeles(MinimaxMI.java:51)
	at MinimaxMI.minimaxKiertekeles(MinimaxMI.java:61)
	at MinimaxMI.minimaxKiertekeles(MinimaxMI.java:51)
	at MinimaxMI.minimaxKiertekeles(MinimaxMI.java:61)
	at MinimaxMI.minimaxKiertekeles(MinimaxMI.java:51)
	at MinimaxMI.minimaxKiertekeles(MinimaxMI.java:61)
	at MinimaxMI.minimaxKiertekeles(MinimaxMI.java:51)
	at MinimaxMI.minimaxKiertekeles(MinimaxMI.java:61)
	at MinimaxMI.minimaxKiertekeles(MinimaxMI.java:51)
	at MinimaxMI.minimaxKiertekeles(MinimaxMI.java:61)
	at MinimaxMI.minimaxKiertekeles(MinimaxMI.java:51)
	at MinimaxMI.minimaxKiertekeles(MinimaxMI.java:61)
	at MinimaxMI.minimaxKiertekeles(MinimaxMI.java:51)
	at MinimaxMI.minimaxKiertekeles(MinimaxMI.java:61)
	at MinimaxMI.minimaxKiertekeles(MinimaxMI.java:51)
	at MinimaxMI.minimaxKiertekeles(MinimaxMI.java:61)
	at MinimaxMI.minimaxKiertekeles(MinimaxMI.java:51)
	at MinimaxMI.minimaxKiertekeles(MinimaxMI.java:61)
	at MinimaxMI.minimaxKiertekeles(MinimaxMI.java:51)
	at MinimaxMI.minimaxKiertekeles(MinimaxMI.java:61)
	at MinimaxMI.minimaxKiertekeles(MinimaxMI.java:51)
	at MinimaxMI.minimaxKiertekeles(MinimaxMI.java:61)
	at MinimaxMI.minimaxKiertekeles(MinimaxMI.java:51)
	at MinimaxMI.minimaxKiertekeles(MinimaxMI.java:61)
	at MinimaxMI.minimaxKiertekeles(MinimaxMI.java:51)
	at MinimaxMI.minimaxKiertekeles(MinimaxMI.java:61)
	at MinimaxMI.minimaxKiertekeles(MinimaxMI.java:51)
	at MinimaxMI.minimaxKiertekeles(MinimaxMI.java:61)
	at MinimaxMI.minimaxKiertekeles(MinimaxMI.java:51)
	at MinimaxMI.minimaxKiertekeles(MinimaxMI.java:61)
	at MinimaxMI.minimaxKiertekeles(MinimaxMI.java:51)
	at MinimaxMI.minimaxKiertekeles(MinimaxMI.java:61)
	at MinimaxMI.minimaxKiertekeles(MinimaxMI.java:51)
	at MinimaxMI.minimaxKiertekeles(MinimaxMI.java:61)
	at MinimaxMI.minimaxKiertekeles(MinimaxMI.java:51)
	at MinimaxMI.minimaxKiertekeles(MinimaxMI.java:61)
	at MinimaxMI.minimaxKiertekeles(MinimaxMI.java:51)
	at MinimaxMI.minimaxKiertekeles(MinimaxMI.java:61)
	at MinimaxMI.minimaxKiertekeles(MinimaxMI.java:51)
	at MinimaxMI.minimaxKiertekeles(MinimaxMI.java:61)
	at MinimaxMI.minimaxKiertekeles(MinimaxMI.java:51)
	at MinimaxMI.minimaxKiertekeles(MinimaxMI.java:61)
	at MinimaxMI.minimaxKiertekeles(MinimaxMI.java:51)
	at MinimaxMI.minimaxKiertekeles(MinimaxMI.java:61)
	at MinimaxMI.minimaxKiertekeles(MinimaxMI.java:51)
	at MinimaxMI.minimaxKiertekeles(MinimaxMI.java:61)
	at MinimaxMI.minimaxKiertekeles(MinimaxMI.java:51)
	at MinimaxMI.minimaxKiertekeles(MinimaxMI.java:61)
	at MinimaxMI.minimaxKiertekeles(MinimaxMI.java:51)
	at MinimaxMI.minimaxKiertekeles(MinimaxMI.java:61)
	at MinimaxMI.minimaxKiertekeles(MinimaxMI.java:51)
	at MinimaxMI.minimaxKiertekeles(MinimaxMI.java:61)
	at MinimaxMI.minimaxKiertekeles(MinimaxMI.java:51)
	at MinimaxMI.minimaxKiertekeles(MinimaxMI.java:61)
	at MinimaxMI.minimaxKiertekeles(MinimaxMI.java:51)
	at MinimaxMI.minimaxKiertekeles(MinimaxMI.java:61)
	at MinimaxMI.minimaxKiertekeles(MinimaxMI.java:51)
	at MinimaxMI.minimaxKiertekeles(MinimaxMI.java:61)
	at MinimaxMI.minimaxKiertekeles(MinimaxMI.java:51)
	at MinimaxMI.minimaxKiertekeles(MinimaxMI.java:61)
	at MinimaxMI.minimaxKiertekeles(MinimaxMI.java:51)
	at MinimaxMI.minimaxKiertekeles(MinimaxMI.java:61)
	at MinimaxMI.minimaxKiertekeles(MinimaxMI.java:51)
	at MinimaxMI.minimaxKiertekeles(MinimaxMI.java:61)
	at MinimaxMI.minimaxKiertekeles(MinimaxMI.java:51)
	at MinimaxMI.minimaxKiertekeles(MinimaxMI.java:61)
	at MinimaxMI.minimaxKiertekeles(MinimaxMI.java:51)
	at MinimaxMI.minimaxKiertekeles(MinimaxMI.java:61)
	at MinimaxMI.minimaxKiertekeles(MinimaxMI.java:51)
	at MinimaxMI.minimaxKiertekeles(MinimaxMI.java:61)
	at MinimaxMI.minimaxKiertekeles(MinimaxMI.java:51)
	at MinimaxMI.minimaxKiertekeles(MinimaxMI.java:61)
	at MinimaxMI.minimaxKiertekeles(MinimaxMI.java:51)
	at MinimaxMI.minimaxKiertekeles(MinimaxMI.java:61)
	at MinimaxMI.minimaxKiertekeles(MinimaxMI.java:51)
	at MinimaxMI.minimaxKiertekeles(MinimaxMI.java:61)
	at MinimaxMI.minimaxKiertekeles(MinimaxMI.java:51)
	at MinimaxMI.minimaxKiertekeles(MinimaxMI.java:61)
	at MinimaxMI.minimaxKiertekeles(MinimaxMI.java:51)
	at MinimaxMI.minimaxKiertekeles(MinimaxMI.java:61)
	at MinimaxMI.minimaxKiertekeles(MinimaxMI.java:51)
	at MinimaxMI.minimaxKiertekeles(MinimaxMI.java:61)
	at MinimaxMI.minimaxKiertekeles(MinimaxMI.java:51)
	at MinimaxMI.minimaxKiertekeles(MinimaxMI.java:61)
	at MinimaxMI.minimaxKiertekeles(MinimaxMI.java:51)
	at MinimaxMI.minimaxKiertekeles(MinimaxMI.java:61)
	at MinimaxMI.minimaxKiertekeles(MinimaxMI.java:51)
	at MinimaxMI.minimaxKiertekeles(MinimaxMI.java:61)
	at MinimaxMI.minimaxKiertekeles(MinimaxMI.java:51)
	at MinimaxMI.minimaxKiertekeles(MinimaxMI.java:61)
	at MinimaxMI.minimaxKiertekeles(MinimaxMI.java:51)
	at MinimaxMI.minimaxKiertekeles(MinimaxMI.java:61)
	at MinimaxMI.minimaxKiertekeles(MinimaxMI.java:51)
	at MinimaxMI.minimaxKiertekeles(MinimaxMI.java:61)
	at MinimaxMI.minimaxKiertekeles(MinimaxMI.java:51)
	at MinimaxMI.minimaxKiertekeles(MinimaxMI.java:61)
	at MinimaxMI.minimaxKiertekeles(MinimaxMI.java:51)
	at MinimaxMI.minimaxKiertekeles(MinimaxMI.java:61)
	at MinimaxMI.minimaxKiertekeles(MinimaxMI.java:51)
	at MinimaxMI.minimaxKiertekeles(MinimaxMI.java:61)
	at MinimaxMI.minimaxKiertekeles(MinimaxMI.java:51)
	at MinimaxMI.minimaxKiertekeles(MinimaxMI.java:61)
	at MinimaxMI.minimaxKiertekeles(MinimaxMI.java:51)
	at MinimaxMI.minimaxKiertekeles(MinimaxMI.java:61)
	at MinimaxMI.minimaxKiertekeles(MinimaxMI.java:51)
	at MinimaxMI.minimaxKiertekeles(MinimaxMI.java:61)
	at MinimaxMI.minimaxKiertekeles(MinimaxMI.java:51)
	at MinimaxMI.minimaxKiertekeles(MinimaxMI.java:61)
	at MinimaxMI.minimaxKiertekeles(MinimaxMI.java:51)
	at MinimaxMI.minimaxKiertekeles(MinimaxMI.java:61)
	at MinimaxMI.minimaxKiertekeles(MinimaxMI.java:51)
	at MinimaxMI.minimaxKiertekeles(MinimaxMI.java:61)
	at MinimaxMI.minimaxKiertekeles(MinimaxMI.java:51)
	at MinimaxMI.minimaxKiertekeles(MinimaxMI.java:61)
	at MinimaxMI.minimaxKiertekeles(MinimaxMI.java:51)
	at MinimaxMI.minimaxKiertekeles(MinimaxMI.java:61)
	at MinimaxMI.minimaxKiertekeles(MinimaxMI.java:51)
	at MinimaxMI.minimaxKiertekeles(MinimaxMI.java:61)
	at MinimaxMI.minimaxKiertekeles(MinimaxMI.java:51)
	at MinimaxMI.minimaxKiertekeles(MinimaxMI.java:61)
	at MinimaxMI.minimaxKiertekeles(MinimaxMI.java:51)
	at MinimaxMI.minimaxKiertekeles(MinimaxMI.java:61)
	at MinimaxMI.minimaxKiertekeles(MinimaxMI.java:51)
	at MinimaxMI.minimaxKiertekeles(MinimaxMI.java:61)
	at MinimaxMI.minimaxKiertekeles(MinimaxMI.java:51)
	at MinimaxMI.minimaxKiertekeles(MinimaxMI.java:61)
	at MinimaxMI.minimaxKiertekeles(MinimaxMI.java:51)
	at MinimaxMI.minimaxKiertekeles(MinimaxMI.java:61)
	at MinimaxMI.minimaxKiertekeles(MinimaxMI.java:51)
	at MinimaxMI.minimaxKiertekeles(MinimaxMI.java:61)
	at MinimaxMI.minimaxKiertekeles(MinimaxMI.java:51)
	at MinimaxMI.minimaxKiertekeles(MinimaxMI.java:61)
	at MinimaxMI.minimaxKiertekeles(MinimaxMI.java:51)
	at MinimaxMI.minimaxKiertekeles(MinimaxMI.java:61)
	at MinimaxMI.minimaxKiertekeles(MinimaxMI.java:51)
	at MinimaxMI.minimaxKiertekeles(MinimaxMI.java:61)
	at MinimaxMI.minimaxKiertekeles(MinimaxMI.java:51)
	at MinimaxMI.minimaxKiertekeles(MinimaxMI.java:61)
	at MinimaxMI.minimaxKiertekeles(MinimaxMI.java:51)
	at MinimaxMI.minimaxKiertekeles(MinimaxMI.java:61)
	at MinimaxMI.minimaxKiertekeles(MinimaxMI.java:51)
	at MinimaxMI.minimaxKiertekeles(MinimaxMI.java:61)
	at MinimaxMI.minimaxKiertekeles(MinimaxMI.java:51)
	at MinimaxMI.minimaxKiertekeles(MinimaxMI.java:61)
	at MinimaxMI.minimaxKiertekeles(MinimaxMI.java:51)
	at MinimaxMI.minimaxKiertekeles(MinimaxMI.java:61)
	at MinimaxMI.minimaxKiertekeles(MinimaxMI.java:51)
	at MinimaxMI.minimaxKiertekeles(MinimaxMI.java:61)
	at MinimaxMI.minimaxKiertekeles(MinimaxMI.java:51)
	at MinimaxMI.minimaxKiertekeles(MinimaxMI.java:61)
	at MinimaxMI.minimaxKiertekeles(MinimaxMI.java:51)
	at MinimaxMI.minimaxKiertekeles(MinimaxMI.java:61)
	at MinimaxMI.minimaxKiertekeles(MinimaxMI.java:51)
	at MinimaxMI.minimaxKiertekeles(MinimaxMI.java:61)
	at MinimaxMI.minimaxKiertekeles(MinimaxMI.java:51)
	at MinimaxMI.minimaxKiertekeles(MinimaxMI.java:61)
	at MinimaxMI.minimaxKiertekeles(MinimaxMI.java:51)
	at MinimaxMI.minimaxKiertekeles(MinimaxMI.java:61)
	at MinimaxMI.minimaxKiertekeles(MinimaxMI.java:51)
	at MinimaxMI.minimaxKiertekeles(MinimaxMI.java:61)
	at MinimaxMI.minimaxKiertekeles(MinimaxMI.java:51)
	at MinimaxMI.minimaxKiertekeles(MinimaxMI.java:61)
	at MinimaxMI.minimaxKiertekeles(MinimaxMI.java:51)
	at MinimaxMI.minimaxKiertekeles(MinimaxMI.java:61)
	at MinimaxMI.minimaxKiertekeles(MinimaxMI.java:51)
	at MinimaxMI.minimaxKiertekeles(MinimaxMI.java:61)
	at MinimaxMI.minimaxKiertekeles(MinimaxMI.java:51)
	at MinimaxMI.minimaxKiertekeles(MinimaxMI.java:61)
	at MinimaxMI.minimaxKiertekeles(MinimaxMI.java:51)
	at MinimaxMI.minimaxKiertekeles(MinimaxMI.java:61)
	at MinimaxMI.minimaxKiertekeles(MinimaxMI.java:51)
	at MinimaxMI.minimaxKiertekeles(MinimaxMI.java:61)
	at MinimaxMI.minimaxKiertekeles(MinimaxMI.java:51)
	at MinimaxMI.minimaxKiertekeles(MinimaxMI.java:61)
	at MinimaxMI.minimaxKiertekeles(MinimaxMI.java:51)
	at MinimaxMI.minimaxKiertekeles(MinimaxMI.java:61)
	at MinimaxMI.minimaxKiertekeles(MinimaxMI.java:51)
	at MinimaxMI.minimaxKiertekeles(MinimaxMI.java:61)
	at MinimaxMI.minimaxKiertekeles(MinimaxMI.java:51)
	at MinimaxMI.minimaxKiertekeles(MinimaxMI.java:61)
	at MinimaxMI.minimaxKiertekeles(MinimaxMI.java:51)
	at MinimaxMI.minimaxKiertekeles(MinimaxMI.java:61)
	at MinimaxMI.minimaxKiertekeles(MinimaxMI.java:51)
	at MinimaxMI.minimaxKiertekeles(MinimaxMI.java:61)
	at MinimaxMI.minimaxKiertekeles(MinimaxMI.java:51)
	at MinimaxMI.minimaxKiertekeles(MinimaxMI.java:61)
	at MinimaxMI.minimaxKiertekeles(MinimaxMI.java:51)
	at MinimaxMI.minimaxKiertekeles(MinimaxMI.java:61)
	at MinimaxMI.minimaxKiertekeles(MinimaxMI.java:51)
	at MinimaxMI.minimaxKiertekeles(MinimaxMI.java:61)
	at MinimaxMI.minimaxKiertekeles(MinimaxMI.java:51)
	at MinimaxMI.minimaxKiertekeles(MinimaxMI.java:61)
	at MinimaxMI.minimaxKiertekeles(MinimaxMI.java:51)
	at MinimaxMI.minimaxKiertekeles(MinimaxMI.java:61)
	at MinimaxMI.minimaxKiertekeles(MinimaxMI.java:51)
	at MinimaxMI.minimaxKiertekeles(MinimaxMI.java:61)
	at MinimaxMI.minimaxKiertekeles(MinimaxMI.java:51)
	at MinimaxMI.minimaxKiertekeles(MinimaxMI.java:61)
	at MinimaxMI.minimaxKiertekeles(MinimaxMI.java:51)
	at MinimaxMI.minimaxKiertekeles(MinimaxMI.java:61)
	at MinimaxMI.minimaxKiertekeles(MinimaxMI.java:51)
	at MinimaxMI.minimaxKiertekeles(MinimaxMI.java:61)
	at MinimaxMI.minimaxKiertekeles(MinimaxMI.java:51)
	at MinimaxMI.minimaxKiertekeles(MinimaxMI.java:61)
	at MinimaxMI.minimaxKiertekeles(MinimaxMI.java:51)
	at MinimaxMI.minimaxKiertekeles(MinimaxMI.java:61)
	at MinimaxMI.minimaxKiertekeles(MinimaxMI.java:51)
	at MinimaxMI.minimaxKiertekeles(MinimaxMI.java:61)
	at MinimaxMI.minimaxKiertekeles(MinimaxMI.java:51)
	at MinimaxMI.minimaxKiertekeles(MinimaxMI.java:61)
	at MinimaxMI.minimaxKiertekeles(MinimaxMI.java:51)
	at MinimaxMI.minimaxKiertekeles(MinimaxMI.java:61)
	at MinimaxMI.minimaxKiertekeles(MinimaxMI.java:51)
	at MinimaxMI.minimaxKiertekeles(MinimaxMI.java:61)
	at MinimaxMI.minimaxKiertekeles(MinimaxMI.java:51)
	at MinimaxMI.minimaxKiertekeles(MinimaxMI.java:61)
	at MinimaxMI.minimaxKiertekeles(MinimaxMI.java:51)
	at MinimaxMI.minimaxKiertekeles(MinimaxMI.java:61)
	at MinimaxMI.minimaxKiertekeles(MinimaxMI.java:51)
	at MinimaxMI.minimaxKiertekeles(MinimaxMI.java:61)
	at MinimaxMI.minimaxKiertekeles(MinimaxMI.java:51)
	at MinimaxMI.minimaxKiertekeles(MinimaxMI.java:61)
	at MinimaxMI.minimaxKiertekeles(MinimaxMI.java:51)
	at MinimaxMI.minimaxKiertekeles(MinimaxMI.java:61)
	at MinimaxMI.minimaxKiertekeles(MinimaxMI.java:51)
	at MinimaxMI.minimaxKiertekeles(MinimaxMI.java:61)
	at MinimaxMI.minimaxKiertekeles(MinimaxMI.java:51)
	at MinimaxMI.minimaxKiertekeles(MinimaxMI.java:61)
	at MinimaxMI.minimaxKiertekeles(MinimaxMI.java:51)
	at MinimaxMI.minimaxKiertekeles(MinimaxMI.java:61)
	at MinimaxMI.minimaxKiertekeles(MinimaxMI.java:51)
	at MinimaxMI.minimaxKiertekeles(MinimaxMI.java:61)
	at MinimaxMI.minimaxKiertekeles(MinimaxMI.java:51)
	at MinimaxMI.minimaxKiertekeles(MinimaxMI.java:61)
	at MinimaxMI.minimaxKiertekeles(MinimaxMI.java:51)
	at MinimaxMI.minimaxKiertekeles(MinimaxMI.java:61)
	at MinimaxMI.minimaxKiertekeles(MinimaxMI.java:51)
	at MinimaxMI.minimaxKiertekeles(MinimaxMI.java:61)
	at MinimaxMI.minimaxKiertekeles(MinimaxMI.java:51)
	at MinimaxMI.minimaxKiertekeles(MinimaxMI.java:61)
	at MinimaxMI.minimaxKiertekeles(MinimaxMI.java:51)
	at MinimaxMI.minimaxKiertekeles(MinimaxMI.java:61)
	at MinimaxMI.minimaxKiertekeles(MinimaxMI.java:51)
	at MinimaxMI.minimaxKiertekeles(MinimaxMI.java:61)
	at MinimaxMI.minimaxKiertekeles(MinimaxMI.java:51)
	at MinimaxMI.minimaxKiertekeles(MinimaxMI.java:61)
	at MinimaxMI.minimaxKiertekeles(MinimaxMI.java:51)
	at MinimaxMI.minimaxKiertekeles(MinimaxMI.java:61)
	at MinimaxMI.minimaxKiertekeles(MinimaxMI.java:51)
	at MinimaxMI.minimaxKiertekeles(MinimaxMI.java:61)
	at MinimaxMI.minimaxKiertekeles(MinimaxMI.java:51)
	at MinimaxMI.minimaxKiertekeles(MinimaxMI.java:61)
	at MinimaxMI.minimaxKiertekeles(MinimaxMI.java:51)
	at MinimaxMI.minimaxKiertekeles(MinimaxMI.java:61)
	at MinimaxMI.minimaxKiertekeles(MinimaxMI.java:51)
	at MinimaxMI.minimaxKiertekeles(MinimaxMI.java:61)
	at MinimaxMI.minimaxKiertekeles(MinimaxMI.java:51)
	at MinimaxMI.minimaxKiertekeles(MinimaxMI.java:61)
	at MinimaxMI.minimaxKiertekeles(MinimaxMI.java:51)
	at MinimaxMI.minimaxKiertekeles(MinimaxMI.java:61)
	at MinimaxMI.minimaxKiertekeles(MinimaxMI.java:51)
	at MinimaxMI.minimaxKiertekeles(MinimaxMI.java:61)
	at MinimaxMI.minimaxKiertekeles(MinimaxMI.java:51)
	at MinimaxMI.minimaxKiertekeles(MinimaxMI.java:61)
	at MinimaxMI.minimaxKiertekeles(MinimaxMI.java:51)
	at MinimaxMI.minimaxKiertekeles(MinimaxMI.java:61)
	at MinimaxMI.minimaxKiertekeles(MinimaxMI.java:51)
	at MinimaxMI.minimaxKiertekeles(MinimaxMI.java:61)
	at MinimaxMI.minimaxKiertekeles(MinimaxMI.java:51)
	at MinimaxMI.minimaxKiertekeles(MinimaxMI.java:61)
	at MinimaxMI.minimaxKiertekeles(MinimaxMI.java:51)
	at MinimaxMI.minimaxKiertekeles(MinimaxMI.java:61)
	at MinimaxMI.minimaxKiertekeles(MinimaxMI.java:51)
	at MinimaxMI.minimaxKiertekeles(MinimaxMI.java:61)
	at MinimaxMI.minimaxKiertekeles(MinimaxMI.java:51)
	at MinimaxMI.minimaxKiertekeles(MinimaxMI.java:61)
	at MinimaxMI.minimaxKiertekeles(MinimaxMI.java:51)
	at MinimaxMI.minimaxKiertekeles(MinimaxMI.java:61)
	at MinimaxMI.minimaxKiertekeles(MinimaxMI.java:51)
	at MinimaxMI.minimaxKiertekeles(MinimaxMI.java:61)
	at MinimaxMI.minimaxKiertekeles(MinimaxMI.java:51)
	at MinimaxMI.minimaxKiertekeles(MinimaxMI.java:61)
	at MinimaxMI.minimaxKiertekeles(MinimaxMI.java:51)
	at MinimaxMI.minimaxKiertekeles(MinimaxMI.java:61)
	at MinimaxMI.minimaxKiertekeles(MinimaxMI.java:51)
	at MinimaxMI.minimaxKiertekeles(MinimaxMI.java:61)
	at MinimaxMI.minimaxKiertekeles(MinimaxMI.java:51)
	at MinimaxMI.minimaxKiertekeles(MinimaxMI.java:61)
	at MinimaxMI.minimaxKiertekeles(MinimaxMI.java:51)
	at MinimaxMI.minimaxKiertekeles(MinimaxMI.java:61)
	at MinimaxMI.minimaxKiertekeles(MinimaxMI.java:51)
	at MinimaxMI.minimaxKiertekeles(MinimaxMI.java:61)
	at MinimaxMI.minimaxKiertekeles(MinimaxMI.java:51)
	at MinimaxMI.minimaxKiertekeles(MinimaxMI.java:61)
	at MinimaxMI.minimaxKiertekeles(MinimaxMI.java:51)
	at MinimaxMI.minimaxKiertekeles(MinimaxMI.java:61)
	at MinimaxMI.minimaxKiertekeles(MinimaxMI.java:51)
	at MinimaxMI.minimaxKiertekeles(MinimaxMI.java:61)
	at MinimaxMI.minimaxKiertekeles(MinimaxMI.java:51)
	at MinimaxMI.minimaxKiertekeles(MinimaxMI.java:61)
	at MinimaxMI.minimaxKiertekeles(MinimaxMI.java:51)
	at MinimaxMI.minimaxKiertekeles(MinimaxMI.java:61)
	at MinimaxMI.minimaxKiertekeles(MinimaxMI.java:51)
	at MinimaxMI.minimaxKiertekeles(MinimaxMI.java:61)
	at MinimaxMI.minimaxKiertekeles(MinimaxMI.java:51)
	at MinimaxMI.minimaxKiertekeles(MinimaxMI.java:61)
	at MinimaxMI.minimaxKiertekeles(MinimaxMI.java:51)
	at MinimaxMI.minimaxKiertekeles(MinimaxMI.java:61)
	at MinimaxMI.minimaxKiertekeles(MinimaxMI.java:51)
	at MinimaxMI.minimaxKiertekeles(MinimaxMI.java:61)
	at MinimaxMI.minimaxKiertekeles(MinimaxMI.java:51)
	at MinimaxMI.minimaxKiertekeles(MinimaxMI.java:61)
	at MinimaxMI.minimaxKiertekeles(MinimaxMI.java:51)
	at MinimaxMI.minimaxKiertekeles(MinimaxMI.java:61)
	at MinimaxMI.minimaxKiertekeles(MinimaxMI.java:51)
	at MinimaxMI.minimaxKiertekeles(MinimaxMI.java:61)
	at MinimaxMI.minimaxKiertekeles(MinimaxMI.java:51)
	at MinimaxMI.minimaxKiertekeles(MinimaxMI.java:61)
	at MinimaxMI.minimaxKiertekeles(MinimaxMI.java:51)
	at MinimaxMI.minimaxKiertekeles(MinimaxMI.java:61)
	at MinimaxMI.minimaxKiertekeles(MinimaxMI.java:51)
	at MinimaxMI.minimaxKiertekeles(MinimaxMI.java:61)
	at MinimaxMI.minimaxKiertekeles(MinimaxMI.java:51)
	at MinimaxMI.minimaxKiertekeles(MinimaxMI.java:61)
	at MinimaxMI.minimaxKiertekeles(MinimaxMI.java:51)
	at MinimaxMI.minimaxKiertekeles(MinimaxMI.java:61)
	at MinimaxMI.minimaxKiertekeles(MinimaxMI.java:51)
	at MinimaxMI.minimaxKiertekeles(MinimaxMI.java:61)
	at MinimaxMI.minimaxKiertekeles(MinimaxMI.java:51)
	at MinimaxMI.minimaxKiertekeles(MinimaxMI.java:61)
	at MinimaxMI.minimaxKiertekeles(MinimaxMI.java:51)
	at MinimaxMI.minimaxKiertekeles(MinimaxMI.java:61)
	at MinimaxMI.minimaxKiertekeles(MinimaxMI.java:51)
	at MinimaxMI.minimaxKiertekeles(MinimaxMI.java:61)
	at MinimaxMI.minimaxKiertekeles(MinimaxMI.java:51)
	at MinimaxMI.minimaxKiertekeles(MinimaxMI.java:61)
	at MinimaxMI.minimaxKiertekeles(MinimaxMI.java:51)
	at MinimaxMI.minimaxKiertekeles(MinimaxMI.java:61)
	at MinimaxMI.minimaxKiertekeles(MinimaxMI.java:51)
	at MinimaxMI.minimaxKiertekeles(MinimaxMI.java:61)
	at MinimaxMI.minimaxKiertekeles(MinimaxMI.java:51)
	at MinimaxMI.minimaxKiertekeles(MinimaxMI.java:61)
	at MinimaxMI.minimaxKiertekeles(MinimaxMI.java:51)
	at MinimaxMI.minimaxKiertekeles(MinimaxMI.java:61)
	at MinimaxMI.minimaxKiertekeles(MinimaxMI.java:51)
	at MinimaxMI.minimaxKiertekeles(MinimaxMI.java:61)
	at MinimaxMI.minimaxKiertekeles(MinimaxMI.java:51)
	at MinimaxMI.minimaxKiertekeles(MinimaxMI.java:61)
	at MinimaxMI.minimaxKiertekeles(MinimaxMI.java:51)
	at MinimaxMI.minimaxKiertekeles(MinimaxMI.java:61)
	at MinimaxMI.minimaxKiertekeles(MinimaxMI.java:51)
	at MinimaxMI.minimaxKiertekeles(MinimaxMI.java:61)
	at MinimaxMI.minimaxKiertekeles(MinimaxMI.java:51)
	at MinimaxMI.minimaxKiertekeles(MinimaxMI.java:61)
	at MinimaxMI.minimaxKiertekeles(MinimaxMI.java:51)
	at MinimaxMI.minimaxKiertekeles(MinimaxMI.java:61)
	at MinimaxMI.minimaxKiertekeles(MinimaxMI.java:51)
	at MinimaxMI.minimaxKiertekeles(MinimaxMI.java:61)
	at MinimaxMI.minimaxKiertekeles(MinimaxMI.java:51)
	at MinimaxMI.minimaxKiertekeles(MinimaxMI.java:61)
	at MinimaxMI.minimaxKiertekeles(MinimaxMI.java:51)
	at MinimaxMI.minimaxKiertekeles(MinimaxMI.java:61)
	at MinimaxMI.minimaxKiertekeles(MinimaxMI.java:51)
	at MinimaxMI.minimaxKiertekeles(MinimaxMI.java:61)
	at MinimaxMI.minimaxKiertekeles(MinimaxMI.java:51)
	at MinimaxMI.minimaxKiertekeles(MinimaxMI.java:61)
	at MinimaxMI.minimaxKiertekeles(MinimaxMI.java:51)
	at MinimaxMI.minimaxKiertekeles(MinimaxMI.java:61)
	at MinimaxMI.minimaxKiertekeles(MinimaxMI.java:51)
	at MinimaxMI.minimaxKiertekeles(MinimaxMI.java:61)
	at MinimaxMI.minimaxKiertekeles(MinimaxMI.java:51)
	at MinimaxMI.minimaxKiertekeles(MinimaxMI.java:61)
	at MinimaxMI.minimaxKiertekeles(MinimaxMI.java:51)
	at MinimaxMI.minimaxKiertekeles(MinimaxMI.java:61)
	at MinimaxMI.minimaxKiertekeles(MinimaxMI.java:51)
	at MinimaxMI.minimaxKiertekeles(MinimaxMI.java:61)
	at MinimaxMI.minimaxKiertekeles(MinimaxMI.java:51)
	at MinimaxMI.minimaxKiertekeles(MinimaxMI.java:61)
	at MinimaxMI.minimaxKiertekeles(MinimaxMI.java:51)
	at MinimaxMI.minimaxKiertekeles(MinimaxMI.java:61)
	at MinimaxMI.minimaxKiertekeles(MinimaxMI.java:51)
	at MinimaxMI.minimaxKiertekeles(MinimaxMI.java:61)
	at MinimaxMI.minimaxKiertekeles(MinimaxMI.java:51)
	at MinimaxMI.minimaxKiertekeles(MinimaxMI.java:61)
	at MinimaxMI.minimaxKiertekeles(MinimaxMI.java:51)
	at MinimaxMI.minimaxKiertekeles(MinimaxMI.java:61)
	at MinimaxMI.minimaxKiertekeles(MinimaxMI.java:51)
	at MinimaxMI.minimaxKiertekeles(MinimaxMI.java:61)
	at MinimaxMI.minimaxKiertekeles(MinimaxMI.java:51)
	at MinimaxMI.minimaxKiertekeles(MinimaxMI.java:61)
	at MinimaxMI.minimaxKiertekeles(MinimaxMI.java:51)
	at MinimaxMI.minimaxKiertekeles(MinimaxMI.java:61)
	at MinimaxMI.minimaxKiertekeles(MinimaxMI.java:51)
	at MinimaxMI.minimaxKiertekeles(MinimaxMI.java:61)
	at MinimaxMI.minimaxKiertekeles(MinimaxMI.java:51)
	at MinimaxMI.minimaxKiertekeles(MinimaxMI.java:61)
	at MinimaxMI.minimaxKiertekeles(MinimaxMI.java:51)
	at MinimaxMI.minimaxKiertekeles(MinimaxMI.java:61)
	at MinimaxMI.minimaxKiertekeles(MinimaxMI.java:51)
	at MinimaxMI.minimaxKiertekeles(MinimaxMI.java:61)
	at MinimaxMI.minimaxKiertekeles(MinimaxMI.java:51)
	at MinimaxMI.minimaxKiertekeles(MinimaxMI.java:61)
	at MinimaxMI.minimaxKiertekeles(MinimaxMI.java:51)
	at MinimaxMI.minimaxKiertekeles(MinimaxMI.java:61)
	at MinimaxMI.minimaxKiertekeles(MinimaxMI.java:51)
	at MinimaxMI.minimaxKiertekeles(MinimaxMI.java:61)
	at MinimaxMI.minimaxKiertekeles(MinimaxMI.java:51)
	at MinimaxMI.minimaxKiertekeles(MinimaxMI.java:61)
	at MinimaxMI.minimaxKiertekeles(MinimaxMI.java:51)
	at MinimaxMI.minimaxKiertekeles(MinimaxMI.java:61)
	at MinimaxMI.minimaxKiertekeles(MinimaxMI.java:51)
	at MinimaxMI.minimaxKiertekeles(MinimaxMI.java:61)
	at MinimaxMI.minimaxKiertekeles(MinimaxMI.java:51)
	at MinimaxMI.minimaxKiertekeles(MinimaxMI.java:61)
	at MinimaxMI.minimaxKiertekeles(MinimaxMI.java:51)
	at MinimaxMI.minimaxKiertekeles(MinimaxMI.java:61)
	at MinimaxMI.minimaxKiertekeles(MinimaxMI.java:51)
	at MinimaxMI.minimaxKiertekeles(MinimaxMI.java:61)
	at MinimaxMI.minimaxKiertekeles(MinimaxMI.java:51)
	at MinimaxMI.minimaxKiertekeles(MinimaxMI.java:61)
	at MinimaxMI.minimaxKiertekeles(MinimaxMI.java:51)
	at MinimaxMI.minimaxKiertekeles(MinimaxMI.java:61)
	at MinimaxMI.minimaxKiertekeles(MinimaxMI.java:51)
	at MinimaxMI.minimaxKiertekeles(MinimaxMI.java:61)
	at MinimaxMI.minimaxKiertekeles(MinimaxMI.java:51)
	at MinimaxMI.minimaxKiertekeles(MinimaxMI.java:61)
	at MinimaxMI.minimaxKiertekeles(MinimaxMI.java:51)
	at MinimaxMI.minimaxKiertekeles(MinimaxMI.java:61)
	at MinimaxMI.minimaxKiertekeles(MinimaxMI.java:51)
	at MinimaxMI.minimaxKiertekeles(MinimaxMI.java:61)
	at MinimaxMI.minimaxKiertekeles(MinimaxMI.java:51)
	at MinimaxMI.minimaxKiertekeles(MinimaxMI.java:61)
	at MinimaxMI.minimaxKiertekeles(MinimaxMI.java:51)
	at MinimaxMI.minimaxKiertekeles(MinimaxMI.java:61)
	at MinimaxMI.minimaxKiertekeles(MinimaxMI.java:51)
	at MinimaxMI.minimaxKiertekeles(MinimaxMI.java:61)
	at MinimaxMI.minimaxKiertekeles(MinimaxMI.java:51)
	at MinimaxMI.minimaxKiertekeles(MinimaxMI.java:61)
	at MinimaxMI.minimaxKiertekeles(MinimaxMI.java:51)
	at MinimaxMI.minimaxKiertekeles(MinimaxMI.java:61)
	at MinimaxMI.minimaxKiertekeles(MinimaxMI.java:51)
	at MinimaxMI.minimaxKiertekeles(MinimaxMI.java:61)
	at MinimaxMI.minimaxKiertekeles(MinimaxMI.java:51)
	at MinimaxMI.minimaxKiertekeles(MinimaxMI.java:61)
	at MinimaxMI.minimaxKiertekeles(MinimaxMI.java:51)
	at MinimaxMI.minimaxKiertekeles(MinimaxMI.java:61)
	at MinimaxMI.minimaxKiertekeles(MinimaxMI.java:51)
	at MinimaxMI.minimaxKiertekeles(MinimaxMI.java:61)
	at MinimaxMI.minimaxKiertekeles(MinimaxMI.java:51)
	at MinimaxMI.minimaxKiertekeles(MinimaxMI.java:61)
	at MinimaxMI.minimaxKiertekeles(MinimaxMI.java:51)
	at MinimaxMI.minimaxKiertekeles(MinimaxMI.java:61)
	at MinimaxMI.minimaxKiertekeles(MinimaxMI.java:51)
	at MinimaxMI.minimaxKiertekeles(MinimaxMI.java:61)
	at MinimaxMI.minimaxKiertekeles(MinimaxMI.java:51)
	at MinimaxMI.minimaxKiertekeles(MinimaxMI.java:61)

