<?xml version="1.0" encoding="UTF-8"?>
<testsuite xmlns:xsi="http://www.w3.org/2001/XMLSchema-instance" xsi:noNamespaceSchemaLocation="https://maven.apache.org/surefire/maven-surefire-plugin/xsd/surefire-test-report-3.0.xsd" version="3.0" name="MinimaxMITest" time="0.053" tests="4" errors="1" skipped="0" failures="0">
  <properties>
[...]
</properties>
  <testcase name="testAzonnaliGyozelem" classname="MinimaxMITest" time="0.007"/>
  <testcase name="testKiertekelesVagyZeroMelyseg" classname="MinimaxMITest" time="0.023">
    <error type="java.lang.StackOverflowError"><![CDATA[java.lang.StackOverflowError
	at Tabla.getSzabalyosLepesek(Tabla.java:50)
	at MinimaxMI.minimaxKiertekeles(MinimaxMI.java:37)
	at MinimaxMI.minimaxKiertekeles(MinimaxMI.java:51)
	at MinimaxMI.minimaxKiertekeles(MinimaxMI.java:61)
	at MinimaxMI.minimaxKiertekeles(MinimaxMI.java:51)
	at MinimaxMI.minimaxKiertekeles(MinimaxMI.java:61)
	at MinimaxMI.minimaxKiertekeles(MinimaxMI.java:51)
	at MinimaxMI.minimaxKiertekeles(MinimaxMI.java:61)
	at MinimaxMI.minimaxKiertekeles(MinimaxMI.java:51)
	at MinimaxMI.minimaxKiertekeles(MinimaxMI.java:61)
	at MinimaxMI.minimaxKiertekeles(MinimaxMI.java:51)
	at MinimaxMI.minimaxKiertekeles(MinimaxMI.java:61)
	at MinimaxMI.minimaxKiertekeles(MinimaxMI.java:51)
	at MinimaxMI.minimaxKiertekeles(MinimaxMI.java:61)
	at MinimaxMI.minimaxKiertekeles(MinimaxMI.java:51)
	at MinimaxMI.minimaxKiertekeles(MinimaxMI.java:61)
	at MinimaxMI.minimaxKiertekeles(MinimaxMI.java:51)
	at MinimaxMI.minimaxKiertekeles(MinimaxMI.java:61)
	at MinimaxMI.minimaxKiertekeles(MinimaxMI.java:51)
	at MinimaxMI.minimaxKiertekeles(MinimaxMI.java:61)
	at MinimaxMI.minimaxKiertekeles(MinimaxMI.java:51)
	at MinimaxMI.minimaxKiertekeles(MinimaxMI.java:61)
	at MinimaxMI.minimaxKiertekeles(MinimaxMI.java:51)
	at MinimaxMI.minimaxKiertekeles(MinimaxMI.java:61)
	at MinimaxMI.minimaxKiertekeles(MinimaxMI.java:51)
	at MinimaxMI.minimaxKiertekeles(MinimaxMI.java:61)
	at MinimaxMI.minimaxKiertekeles(MinimaxMI.java:51)
	at MinimaxMI.minimaxKiertekeles(MinimaxMI.java:61)
	at MinimaxMI.minimaxKiertekeles(MinimaxMI.java:51)
	at MinimaxMI.minimaxKiertekeles(MinimaxMI.java:61)
	at MinimaxMI.minimaxKiertekeles(MinimaxMI.java:51)
	at MinimaxMI.minimaxKiertekeles(MinimaxMI.java:61)
	at MinimaxMI.minimaxKiertekeles(MinimaxMI.java:51)
	at MinimaxMI.minimaxKiertekeles(MinimaxMI.java:61)
	at MinimaxMI.minimaxKiertekeles(MinimaxMI.java:51)
	at MinimaxMI.minimaxKiertekeles(MinimaxMI.java:61)
	at MinimaxMI.minimaxKiertekeles(MinimaxMI.java:51)
	at MinimaxMI.minimaxKiertekeles(MinimaxMI.java:61)
	at MinimaxMI.minimaxKiertekeles(MinimaxMI.java:51)
	at MinimaxMI.minimaxKiertekeles(MinimaxMI.java:61)
	at MinimaxMI.minimaxKiertekeles(MinimaxMI.java:51)
	at MinimaxMI.minimaxKiertekeles(MinimaxMI.java:61)
	at MinimaxMI.minimaxKiertekeles(MinimaxMI.java:51)
	at MinimaxMI.minimaxKiertekeles(MinimaxMI.java:61)
	at MinimaxMI.minimaxKiertekeles(MinimaxMI.java:51)
	at MinimaxMI.minimaxKiertekeles(MinimaxMI.java:61)
	at MinimaxMI.minimaxKiertekeles(MinimaxMI.java:51)
	at MinimaxMI.minimaxKiertekeles(MinimaxMI.java:61)
	at MinimaxMI.minimaxKiertekeles(MinimaxMI.java:51)
	at MinimaxMI.minimaxKiertekeles(MinimaxMI.java:61)
	at MinimaxMI.minimaxKiertekeles(MinimaxMI.java:51)
	at MinimaxMI.minimaxKiertekeles(MinimaxMI.java:61)
	at MinimaxMI.minimaxKiertekeles(MinimaxMI.java:51)
	at MinimaxMI.minimaxKiertekeles(MinimaxMI.java:61)
	at MinimaxMI.minimaxKiertekeles(MinimaxMI.java:51)
	at MinimaxMI.minimaxKiertekeles(MinimaxMI.java:61)
	at MinimaxMI.minimaxKiertekeles(MinimaxMI.java:51)
	at MinimaxMI.minimaxKiertekeles(MinimaxMI.java:61)
	at MinimaxMI.minimaxKiertekeles(MinimaxMI.java:51)
	at MinimaxMI.minimaxKiertekeles(MinimaxMI.java:61)
	at MinimaxMI.minimaxKiertekeles(MinimaxMI.java:51)
	at MinimaxMI.minimaxKiertekeles(MinimaxMI.java:61)
	at MinimaxMI.minimaxKiertekeles(MinimaxMI.java:51)
	at MinimaxMI.minimaxKiertekeles(MinimaxMI.java:61)
	at MinimaxMI.minimaxKiertekeles(MinimaxMI.java:51)
	at MinimaxMI.minimaxKiertekeles(MinimaxMI.java:61)
	at MinimaxMI.minimaxKiertekeles(MinimaxMI.java:51)
	at MinimaxMI.minimaxKiertekeles(MinimaxMI.java:61)
	at MinimaxMI.minimaxKiertekeles(MinimaxMI.java:51)
	at MinimaxMI.minimaxKiertekeles(MinimaxMI.java:61)
	at MinimaxMI.minimaxKiertekeles(MinimaxMI.java:51)
	at MinimaxMI.minimaxKiertekeles(MinimaxMI.java:61)
	at MinimaxMI.minimaxKiertekeles(MinimaxMI.java:51)
	at MinimaxMI.minimaxKiertekeles(MinimaxMI.java:61)
	at MinimaxMI.minimaxKiertekeles(MinimaxMI.java:51)
	at MinimaxMI.minimaxKiertekeles(MinimaxMI.java:61)
	at MinimaxMI.minimaxKiertekeles(MinimaxMI.java:51)
	at MinimaxMI.minimaxKiertekeles(MinimaxMI.java:61)
	at MinimaxMI.minimaxKiertekeles(MinimaxMI.java:51)
	at MinimaxMI.minimaxKiertekeles(MinimaxMI.java:61)
	at MinimaxMI.minimaxKiertekeles(MinimaxMI.java:51)
	at MinimaxMI.minimaxKiertekeles(MinimaxMI.java:61)
	at MinimaxMI.minimaxKiertekeles(MinimaxMI.java:51)
	at MinimaxMI.minimaxKiertekeles(MinimaxMI.java:61)
	at MinimaxMI.minimaxKiertekeles(MinimaxMI.java:51)
	at MinimaxMI.minimaxKiertekeles(MinimaxMI.java:61)
	at MinimaxMI.minimaxKiertekeles(MinimaxMI.java:51)
	at MinimaxMI.minimaxKiertekeles(MinimaxMI.java:61)
	at MinimaxMI.minimaxKiertekeles(MinimaxMI.java:51)
	at MinimaxMI.minimaxKiertekeles(MinimaxMI.java:61)
	at MinimaxMI.minimaxKiertekeles(MinimaxMI.java:51)
	at MinimaxMI.minimaxKiertekeles(MinimaxMI.java:61)
	at MinimaxMI.minimaxKiertekeles(MinimaxMI.java:51)
	at MinimaxMI.minimaxKiertekeles(MinimaxMI.java:61)
	at MinimaxMI.minimaxKiertekeles(MinimaxMI.java:51)
	at MinimaxMI.minimaxKiertekeles(MinimaxMI.java:61)
	at MinimaxMI.minimaxKiertekeles(MinimaxMI.java:51)
	at MinimaxMI.minimaxKiertekeles(MinimaxMI.java:61)
	at MinimaxMI.minimaxKiertekeles(MinimaxMI.java:51)
	at MinimaxMI.minimaxKiertekeles(MinimaxMI.java:61)
	at MinimaxMI.minimaxKiertekeles(MinimaxMI.java:51)
	at MinimaxMI.minimaxKiertekeles(MinimaxMI.java:61)
	at MinimaxMI.minimaxKiertekeles(MinimaxMI.java:51)
	at MinimaxMI.minimaxKiertekeles(MinimaxMI.java:61)
	at MinimaxMI.minimaxKiertekeles(MinimaxMI.java:51)
	at MinimaxMI.minimaxKiertekeles(MinimaxMI.java:61)
	at MinimaxMI.minimaxKiertekeles(MinimaxMI.java:51)
	at MinimaxMI.minimaxKiertekeles(MinimaxMI.java:61)
	at MinimaxMI.minimaxKiertekeles(MinimaxMI.java:51)
	at MinimaxMI.minimaxKiertekeles(MinimaxMI.java:61)
	at MinimaxMI.minimaxKiertekeles(MinimaxMI.java:51)
	at MinimaxMI.minimaxKiertekeles(MinimaxMI.java:61)
	at MinimaxMI.minimaxKiertekeles(MinimaxMI.java:51)
	at MinimaxMI.minimaxKiertekeles(MinimaxMI.java:61)
	at MinimaxMI.minimaxKiertekeles(MinimaxMI.java:51)
	at MinimaxMI.minimaxKiertekeles(MinimaxMI.java:61)
	at MinimaxMI.minimaxKiertekeles(MinimaxMI.java:51)
	at MinimaxMI.minimaxKiertekeles(MinimaxMI.java:61)
	at MinimaxMI.minimaxKiertekeles(MinimaxMI.java:51)
	at MinimaxMI.minimaxKiertekeles(MinimaxMI.java:61)
	at MinimaxMI.minimaxKiertekeles(MinimaxMI.java:51)
	at MinimaxMI.minimaxKiertekeles(MinimaxMI.java:61)
	at MinimaxMI.minimaxKiertekeles(MinimaxMI.java:51)
	at MinimaxMI.minimaxKiertekeles(MinimaxMI.java:61)
	at MinimaxMI.minimaxKiertekeles(MinimaxMI.java:51)
	at MinimaxMI.minimaxKiertekeles(MinimaxMI.java:61)
	at MinimaxMI.minimaxKiertekeles(MinimaxMI.java:51)
	at MinimaxMI.minimaxKiertekeles(MinimaxMI.java:61)
	at MinimaxMI.minimaxKiertekeles(MinimaxMI.java:51)
	at MinimaxMI.minimaxKiertekeles(MinimaxMI.java:61)
	at MinimaxMI.minimaxKiertekeles(MinimaxMI.java:51)
	at MinimaxMI.minimaxKiertekeles(MinimaxMI.java:61)
	at MinimaxMI.minimaxKiertekeles(MinimaxMI.java:51)
	at MinimaxMI.minimaxKiertekeles(MinimaxMI.java:61)
	at MinimaxMI.minimaxKiertekeles(MinimaxMI.java:51)
	at MinimaxMI.minimaxKiertekeles(MinimaxMI.java:61)
	at MinimaxMI.minimaxKiertekeles(MinimaxMI.java:51)
	at MinimaxMI.minimaxKiertekeles(MinimaxMI.java:61)
	at MinimaxMI.minimaxKiertekeles(MinimaxMI.java:51)
	at MinimaxMI.minimaxKiertekeles(MinimaxMI.java:61)
	at MinimaxMI.minimaxKiertekeles(MinimaxMI.java:51)
	at MinimaxMI.minimaxKiertekeles(MinimaxMI.java:61)
	at MinimaxMI.minimaxKiertekeles(MinimaxMI.java:51)
	at MinimaxMI.minimaxKiertekeles(MinimaxMI.java:61)
	at MinimaxMI.minimaxKiertekeles(MinimaxMI.java:51)
	at MinimaxMI.minimaxKiertekeles(MinimaxMI.java:61)
	at MinimaxMI.minimaxKiertekeles(MinimaxMI.java:51)
	at MinimaxMI.minimaxKiertekeles(MinimaxMI.java:61)
	at MinimaxMI.minimaxKiertekeles(MinimaxMI.java:51)
	at MinimaxMI.minimaxKiertekeles(MinimaxMI.java:61)
	at MinimaxMI.minimaxKiertekeles(MinimaxMI.java:51)
	at MinimaxMI.minimaxKiertekeles(MinimaxMI.java:61)
	at MinimaxMI.minimaxKiertekeles(MinimaxMI.java:51)
	at MinimaxMI.minimaxKiertekeles(MinimaxMI.java:61)
	at MinimaxMI.minimaxKiertekeles(MinimaxMI.java:51)
	at MinimaxMI.minimaxKiertekeles(MinimaxMI.java:61)
	at MinimaxMI.minimaxKiertekeles(MinimaxMI.java:51)
	at MinimaxMI.minimaxKiertekeles(MinimaxMI.java:61)
	at MinimaxMI.minimaxKiertekeles(MinimaxMI.java:51)
	at MinimaxMI.minimaxKiertekeles(MinimaxMI.java:61)
	at MinimaxMI.minimaxKiertekeles(MinimaxMI.java:51)
	at MinimaxMI.minimaxKiertekeles(MinimaxMI.java:61)
	at MinimaxMI.minimaxKiertekeles(MinimaxMI.java:51)
	at MinimaxMI.minimaxKiertekeles(MinimaxMI.java:61)
	at MinimaxMI.minimaxKiertekeles(MinimaxMI.java:51)
	at MinimaxMI.minimaxKiertekeles(MinimaxMI.java:61)
	at MinimaxMI.minimaxKiertekeles(MinimaxMI.java:51)
	at MinimaxMI.minimaxKiertekeles(MinimaxMI.java:61)
	at MinimaxMI.minimaxKiertekeles(MinimaxMI.java:51)
	at MinimaxMI.minimaxKiertekeles(MinimaxMI.java:61)
	at MinimaxMI.minimaxKiertekeles(MinimaxMI.java:51)
	at MinimaxMI.minimaxKiertekeles(MinimaxMI.java:61)
	at MinimaxMI.minimaxKiertekeles(MinimaxMI.java:51)
	at MinimaxMI.minimaxKiertekeles(MinimaxMI.java:61)
	at MinimaxMI.minimaxKiertekeles(MinimaxMI.java:51)
	at MinimaxMI.minimaxKiertekeles(MinimaxMI.java:61)
	at MinimaxMI.minimaxKiertekeles(MinimaxMI.java:51)
	at MinimaxMI.minimaxKiertekeles(MinimaxMI.java:61)
	at MinimaxMI.minimaxKiertekeles(MinimaxMI.java:51)
	at MinimaxMI.minimaxKiertekeles(MinimaxMI.java:61)
	at MinimaxMI.minimaxKiertekeles(MinimaxMI.java:51)
	at MinimaxMI.minimaxKiertekeles(MinimaxMI.java:61)
	at MinimaxMI.minimaxKiertekeles(MinimaxMI.java:51)
	at MinimaxMI.minimaxKiertekeles(MinimaxMI.java:61)
	at MinimaxMI.minimaxKiertekeles(MinimaxMI.java:51)
	at MinimaxMI.minimaxKiertekeles(MinimaxMI.java:61)
	at MinimaxMI.minimaxKiertekeles(MinimaxMI.java:51)
	at MinimaxMI.minimaxKiertekeles(MinimaxMI.java:61)
	at MinimaxMI.minimaxKiertekeles(MinimaxMI.java:51)
	at MinimaxMI.minimaxKiertekeles(MinimaxMI.java:61)
	at MinimaxMI.minimaxKiertekeles(MinimaxMI.java:51)
	at MinimaxMI.minimaxKiertekeles(MinimaxMI.java:61)
	at MinimaxMI.minimaxKiertekeles(MinimaxMI.java:51)
	at MinimaxMI.minimaxKiertekeles(MinimaxMI.java:61)
	at MinimaxMI.minimaxKiertekeles(MinimaxMI.java:51)
	at MinimaxMI.minimaxKiertekeles(MinimaxMI.java:61)
	at MinimaxMI.minimaxKiertekeles(MinimaxMI.java:51)
	at MinimaxMI.minimaxKiertekeles(MinimaxMI.java:61)
	at MinimaxMI.minimaxKiertekeles(MinimaxMI.java:51)
	at MinimaxMI.minimaxKiertekeles(MinimaxMI.java:61)
	at MinimaxMI.minimaxKiertekeles(MinimaxMI.java:51)
	at MinimaxMI.minimaxKiertekeles(MinimaxMI.java:61)
	at MinimaxMI.minimaxKiertekeles(MinimaxMI.java:51)
	at MinimaxMI.minimaxKiertekeles(MinimaxMI.java:61)
	at MinimaxMI.minimaxKiertekeles(MinimaxMI.java:51)
	at MinimaxMI.minimaxKiertekeles(MinimaxMI.java:61)
	at MinimaxMI.minimaxKiertekeles(MinimaxMI.java:51)
	at MinimaxMI.minimaxKiertekeles(MinimaxMI.java:61)
	at MinimaxMI.minimaxKiertekeles(MinimaxMI.java:51)
	at MinimaxMI.minimaxKiertekeles(MinimaxMI.java:61)
	at MinimaxMI.minimaxKiertekeles(MinimaxMI.java:51)
	at MinimaxMI.minimaxKiertekeles(MinimaxMI.java:61)
	at MinimaxMI.minimaxKiertekeles(MinimaxMI.java:51)
	at MinimaxMI.minimaxKiertekeles(MinimaxMI.java:61)
	at MinimaxMI.minimaxKiertekeles(MinimaxMI.java:51)
	at MinimaxMI.minimaxKiertekeles(MinimaxMI.java:61)
	at MinimaxMI.minimaxKiertekeles(MinimaxMI.java:51)
	at MinimaxMI.minimaxKiertekeles(MinimaxMI.java:61)
	at MinimaxMI.minimaxKiertekeles(MinimaxMI.java:51)
	at MinimaxMI.minimaxKiertekeles(MinimaxMI.java:61)
	at MinimaxMI.minimaxKiertekeles(MinimaxMI.java:51)
	at MinimaxMI.minimaxKiertekeles(MinimaxMI.java:61)
	at MinimaxMI.minimaxKiertekeles(MinimaxMI.java:51)
	at MinimaxMI.minimaxKiertekeles(MinimaxMI.java:61)
	at MinimaxMI.minimaxKiertekeles(MinimaxMI.java:51)
	at MinimaxMI.minimaxKiertekeles(MinimaxMI.java:61)
	at MinimaxMI.minimaxKiertekeles(MinimaxMI.java:51)
	at MinimaxMI.minimaxKiertekeles(MinimaxMI.java:61)
	at MinimaxMI.minimaxKiertekeles(MinimaxMI.java:51)
	at MinimaxMI.minimaxKiertekeles(MinimaxMI.java:61)
	at MinimaxMI.minimaxKiertekeles(MinimaxMI.java:51)
	at MinimaxMI.minimaxKiertekeles(MinimaxMI.java:61)
	at MinimaxMI.minimaxKiertekeles(MinimaxMI.java:51)
	at MinimaxMI.minimaxKiertekeles(MinimaxMI.java:61)
	at MinimaxMI.minimaxKiertekeles(MinimaxMI.java:51)
	at MinimaxMI.minimaxKiertekeles(MinimaxMI.java:61)
	at MinimaxMI.minimaxKiertekeles(MinimaxMI.java:51)
	at MinimaxMI.minimaxKiertekeles(MinimaxMI.java:61)
	at MinimaxMI.minimaxKiertekeles(MinimaxMI.java:51)
	at MinimaxMI.minimaxKiertekeles(MinimaxMI.java:61)
	at MinimaxMI.minimaxKiertekeles(MinimaxMI.java:51)
	at MinimaxMI.minimaxKiertekeles(MinimaxMI.java:61)
	at MinimaxMI.minimaxKiertekeles(MinimaxMI.java:51)
	at MinimaxMI.minimaxKiertekeles(MinimaxMI.java:61)
	at MinimaxMI.minimaxKiertekeles(MinimaxMI.java:51)
	at MinimaxMI.minimaxKiertekeles(MinimaxMI.java:61)
	at MinimaxMI.minimaxKiertekeles(MinimaxMI.java:51)
	at MinimaxMI.minimaxKiertekeles(MinimaxMI.java:61)
	at MinimaxMI.minimaxKiertekeles(MinimaxMI.java:51)
	at MinimaxMI.minimaxKiertekeles(MinimaxMI.java:61)
	at MinimaxMI.minimaxKiertekeles(MinimaxMI.java:51)
	at MinimaxMI.minimaxKiertekeles(MinimaxMI.java:61)
	at MinimaxMI.minimaxKiertekeles(MinimaxMI.java:51)
	at MinimaxMI.minimaxKiertekeles(MinimaxMI.java:61)
	at MinimaxMI.minimaxKiertekeles(MinimaxMI.java:51)
	at MinimaxMI.minimaxKiertekeles(MinimaxMI.java:61)
	at MinimaxMI.minimaxKiertekeles(MinimaxMI.java:51)
	at MinimaxMI.minimaxKiertekeles(MinimaxMI.java:61)
	at MinimaxMI.minimaxKiertekeles(MinimaxMI.java:51)
	at MinimaxMI.minimaxKiertekeles(MinimaxMI.java:61)
	at MinimaxMI.minimaxKiertekeles(MinimaxMI.java:51)
	at MinimaxMI.minimaxKiertekeles(MinimaxMI.java:61)
	at MinimaxMI.minimaxKiertekeles(MinimaxMI.java:51)
	at MinimaxMI.minimaxKiertekeles(MinimaxMI.java:61)
	at MinimaxMI.minimaxKiertekeles(MinimaxMI.java:51)
	at MinimaxMI.minimaxKiertekeles(MinimaxMI.java:61)
	at MinimaxMI.minimaxKiertekeles(MinimaxMI.java:51)
	at MinimaxMI.minimaxKiertekeles(MinimaxMI.java:61)
	at MinimaxMI.minimaxKiertekeles(MinimaxMI.java:51)
	at MinimaxMI.minimaxKiertekeles(MinimaxMI.java:61)
	at MinimaxMI.minimaxKiertekeles(MinimaxMI.java:51)
	at MinimaxMI.minimaxKiertekeles(MinimaxMI.java:61)
	at MinimaxMI.minimaxKiertekeles(MinimaxMI.java:51)
	at MinimaxMI.minimaxKiertekeles(MinimaxMI.java:61)
	at MinimaxMI.minimaxKiertekeles(MinimaxMI.java:51)
	at MinimaxMI.minimaxKiertekeles(MinimaxMI.java:61)
	at MinimaxMI.minimaxKiertekeles(MinimaxMI.java:51)
	at MinimaxMI.minimaxKiertekeles(MinimaxMI.java:61)
	at MinimaxMI.minimaxKiertekeles(MinimaxMI.java:51)
	at MinimaxMI.minimaxKiertekeles(MinimaxMI.java:61)
	at MinimaxMI.minimaxKiertekeles(MinimaxMI.java:51)
	at MinimaxMI.minimaxKiertekeles(MinimaxMI.java:61)
	at MinimaxMI.minimaxKiertekeles(MinimaxMI.java:51)
	at MinimaxMI.minimaxKiertekeles(MinimaxMI.java:61)
	at MinimaxMI.minimaxKiertekeles(MinimaxMI.java:51)
	at MinimaxMI.minimaxKiertekeles(MinimaxMI.java:61)
	at MinimaxMI.minimaxKiertekeles(MinimaxMI.java:51)
	at MinimaxMI.minimaxKiertekeles(MinimaxMI.java:61)
	at MinimaxMI.minimaxKiertekeles(MinimaxMI.java:51)
	at MinimaxMI.minimaxKiertekeles(MinimaxMI.java:61)
	at MinimaxMI.minimaxKiertekeles(MinimaxMI.java:51)
	at MinimaxMI.minimaxKiertekeles(MinimaxMI.java:61)
	at MinimaxMI.minimaxKiertekeles(MinimaxMI.java:51)
	at MinimaxMI.minimaxKiertekeles(MinimaxMI.java:61)
	at MinimaxMI.minimaxKiertekeles(MinimaxMI.java:51)
	at MinimaxMI.minimaxKiertekeles(MinimaxMI.java:61)
	at MinimaxMI.minimaxKiertekeles(MinimaxMI.java:51)
	at MinimaxMI.minimaxKiertekeles(MinimaxMI.java:61)
	at MinimaxMI.minimaxKiertekeles(MinimaxMI.java:51)
	at MinimaxMI.minimaxKiertekeles(MinimaxMI.java:61)
	at MinimaxMI.minimaxKiertekeles(MinimaxMI.java:51)
	at MinimaxMI.minimaxKiertekeles(MinimaxMI.java:61)
	at MinimaxMI.minimaxKiertekeles(MinimaxMI.java:51)
	at MinimaxMI.minimaxKiertekeles(MinimaxMI.java:61)
	at MinimaxMI.minimaxKiertekeles(MinimaxMI.java:51)
	at MinimaxMI.minimaxKiertekeles(MinimaxMI.java:61)
	at MinimaxMI.minimaxKiertekeles(MinimaxMI.java:51)
	at MinimaxMI.minimaxKiertekeles(MinimaxMI.java:61)
	at MinimaxMI.minimaxKiertekeles(MinimaxMI.java:51)
	at MinimaxMI.minimaxKiertekeles(MinimaxMI.java:61)
	at MinimaxMI.minimaxKiertekeles(MinimaxMI.java:51)
	at MinimaxMI.minimaxKiertekeles(MinimaxMI.java:61)
	at MinimaxMI.minimaxKiertekeles(MinimaxMI.java:51)
	at MinimaxMI.minimaxKiertekeles(MinimaxMI.java:61)
	at MinimaxMI.minimaxKiertekeles(MinimaxMI.java:51)
	at MinimaxMI.minimaxKiertekeles(MinimaxMI.java:61)
	at MinimaxMI.minimaxKiertekeles(MinimaxMI.java:51)
	at MinimaxMI.minimaxKiertekeles(MinimaxMI.java:61)
	at MinimaxMI.minimaxKiertekeles(MinimaxMI.java:51)
	at MinimaxMI.minimaxKiertekeles(MinimaxMI.java:61)
	at MinimaxMI.minimaxKiertekeles(MinimaxMI.java:51)
	at MinimaxMI.minimaxKiertekeles(MinimaxMI.java:61)
	at MinimaxMI.minimaxKiertekeles(MinimaxMI.java:51)
	at MinimaxMI.minimaxKiertekeles(MinimaxMI.java:61)
	at MinimaxMI.minimaxKiertekeles(MinimaxMI.java:51)
	at MinimaxMI.minimaxKiertekeles(MinimaxMI.java:61)
	at MinimaxMI.minimaxKiertekeles(MinimaxMI.java:51)
	at MinimaxMI.minimaxKiertekeles(MinimaxMI.java:61)
	at MinimaxMI.minimaxKiertekeles(MinimaxMI.java:51)
	at MinimaxMI.minimaxKiertekeles(MinimaxMI.java:61)
	at MinimaxMI.minimaxKiertekeles(MinimaxMI.java:51)
	at MinimaxMI.minimaxKiertekeles(MinimaxMI.java:61)
	at MinimaxMI.minimaxKiertekeles(MinimaxMI.java:51)
	at MinimaxMI.minimaxKiertekeles(MinimaxMI.java:61)
	at MinimaxMI.minimaxKiertekeles(MinimaxMI.java:51)
	at MinimaxMI.minimaxKiertekeles(MinimaxMI.java:61)
	at MinimaxMI.minimaxKiertekeles(MinimaxMI.java:51)
	at MinimaxMI.minimaxKiertekeles(MinimaxMI.java:61)
	at MinimaxMI.minimaxKiertekeles(MinimaxMI.java:51)
	at MinimaxMI.minimaxKiertekeles(MinimaxMI.java:61)
	at MinimaxMI.minimaxKiertekeles(MinimaxMI.java:51)
	at MinimaxMI.minimaxKiertekeles(MinimaxMI.java:61)
	at MinimaxMI.minimaxKiertekeles(MinimaxMI.java:51)
	at MinimaxMI.minimaxKiertekeles(MinimaxMI.java:61)
	at MinimaxMI.minimaxKiertekeles(MinimaxMI.java:51)
	at MinimaxMI.minimaxKiertekeles(MinimaxMI.java:61)
	at MinimaxMI.minimaxKiertekeles(MinimaxMI.java:51)
	at MinimaxMI.minimaxKiertekeles(MinimaxMI.java:61)
	at MinimaxMI.minimaxKiertekeles(MinimaxMI.java:51)
	at MinimaxMI.minimaxKiertekeles(MinimaxMI.java:61)
	at MinimaxMI.minimaxKiertekeles(MinimaxMI.java:51)
	at MinimaxMI.minimaxKiertekeles(MinimaxMI.java:61)
	at MinimaxMI.minimaxKiertekeles(MinimaxMI.java:51)
	at MinimaxMI.minimaxKiertekeles(MinimaxMI.java:61)
	at MinimaxMI.minimaxKiertekeles(MinimaxMI.java:51)
	at MinimaxMI.minimaxKiertekeles(MinimaxMI.java:61)
	at MinimaxMI.minimaxKiertekeles(MinimaxMI.java:51)
	at MinimaxMI.minimaxKiertekeles(MinimaxMI.java:61)
	at MinimaxMI.minimaxKiertekeles(MinimaxMI.java:51)
	at MinimaxMI.minimaxKiertekeles(MinimaxMI.java:61)
	at MinimaxMI.minimaxKiertekeles(MinimaxMI.java:51)
	at MinimaxMI.minimaxKiertekeles(MinimaxMI.java:61)
	at MinimaxMI.minimaxKiertekeles(MinimaxMI.java:51)
	at MinimaxMI.minimaxKiertekeles(MinimaxMI.java:61)
	at MinimaxMI.minimaxKiertekeles(MinimaxMI.java:51)
	at MinimaxMI.minimaxKiertekeles(MinimaxMI.java:61)
	at MinimaxMI.minimaxKiertekeles(MinimaxMI.java:51)
	at MinimaxMI.minimaxKiertekeles(MinimaxMI.java:61)
	at MinimaxMI.minimaxKiertekeles(MinimaxMI.java:51)
	at MinimaxMI.minimaxKiertekeles(MinimaxMI.java:61)
	at MinimaxMI.minimaxKiertekeles(MinimaxMI.java:51)
	at MinimaxMI.minimaxKiertekeles(MinimaxMI.java:61)
	at MinimaxMI.minimaxKiertekeles(MinimaxMI.java:51)
	at MinimaxMI.minimaxKiertekeles(MinimaxMI.java:61)
	at MinimaxMI.minimaxKiertekeles(MinimaxMI.java:51)
	at MinimaxMI.minimaxKiertekeles(MinimaxMI.java:61)
	at MinimaxMI.minimaxKiertekeles(MinimaxMI.java:51)
	at MinimaxMI.minimaxKiertekeles(MinimaxMI.java:61)
	at MinimaxMI.minimaxKiertekeles(MinimaxMI.java:51)
	at MinimaxMI.minimaxKiertekeles(MinimaxMI.java:61)
	at MinimaxMI.minimaxKiertekeles(MinimaxMI.java:51)
	at MinimaxMI.minimaxKiertekeles(MinimaxMI.java:61)
	at MinimaxMI.minimaxKiertekeles(MinimaxMI.java:51)
	at MinimaxMI.minimaxKiertekeles(MinimaxMI.java:61)
	at MinimaxMI.minimaxKiertekeles(MinimaxMI.java:51)
	at MinimaxMI.minimaxKiertekeles(MinimaxMI.java:61)
	at MinimaxMI.minimaxKiertekeles(MinimaxMI.java:51)
	at MinimaxMI.minimaxKiertekeles(MinimaxMI.java:61)
	at MinimaxMI.minimaxKiertekeles(MinimaxMI.java:51)
	at MinimaxMI.minimaxKiertekeles(MinimaxMI.java:61)
	at MinimaxMI.minimaxKiertekeles(MinimaxMI.java:51)
	at MinimaxMI.minimaxKiertekeles(MinimaxMI.java:61)
	at MinimaxMI.minimaxKiertekeles(MinimaxMI.java:51)
	at MinimaxMI.minimaxKiertekeles(MinimaxMI.java:61)
	at MinimaxMI.minimaxKiertekeles(MinimaxMI.java:51)
	at MinimaxMI.minimaxKiertekeles(MinimaxMI.java:61)
	at MinimaxMI.minimaxKiertekeles(MinimaxMI.java:51)
	at MinimaxMI.minimaxKiertekeles(MinimaxMI.java:61)
	at MinimaxMI.minimaxKiertekeles(MinimaxMI.java:51)
	at MinimaxMI.minimaxKiertekeles(MinimaxMI.java:61)
	at MinimaxMI.minimaxKiertekeles(MinimaxMI.java:51)
	at MinimaxMI.minimaxKiertekeles(MinimaxMI.java:61)
	at MinimaxMI.minimaxKiertekeles(MinimaxMI.java:51)
	at MinimaxMI.minimaxKiertekeles(MinimaxMI.java:61)
	at MinimaxMI.minimaxKiertekeles(MinimaxMI.java:51)
	at MinimaxMI.minimaxKiertekeles(MinimaxMI.java:61)
	at MinimaxMI.minimaxKiertekeles(MinimaxMI.java:51)
	at MinimaxMI.minimaxKiertekeles(MinimaxMI.java:61)
	at MinimaxMI.minimaxKiertekeles(MinimaxMI.java:51)
	at MinimaxMI.minimaxKiertekeles(MinimaxMI.java:61)
	at MinimaxMI.minimaxKiertekeles(MinimaxMI.java:51)
	at MinimaxMI.minimaxKiertekeles(MinimaxMI.java:61)
	at MinimaxMI.minimaxKiertekeles(MinimaxMI.java:51)
	at MinimaxMI.minimaxKiertekeles(MinimaxMI.java:61)
	at MinimaxMI.minimaxKiertekeles(MinimaxMI.java:51)
	at MinimaxMI.minimaxKiertekeles(MinimaxMI.java:61)
	at MinimaxMI.minimaxKiertekeles(MinimaxMI.java:51)
	at MinimaxMI.minimaxKiertekeles(MinimaxMI.java:61)
	at MinimaxMI.minimaxKiertekeles(MinimaxMI.java:51)
	at MinimaxMI.minimaxKiertekeles(MinimaxMI.java:61)
	at MinimaxMI.minimaxKiertekeles(MinimaxMI.java:51)
	at MinimaxMI.minimaxKiertekeles(MinimaxMI.java:61)
	at MinimaxMI.minimaxKiertekeles(MinimaxMI.java:51)
	at MinimaxMI.minimaxKiertekeles(MinimaxMI.java:61)
	at MinimaxMI.minimaxKiertekeles(MinimaxMI.java:51)
	at MinimaxMI.minimaxKiertekeles(MinimaxMI.java:61)
	at MinimaxMI.minimaxKiertekeles(MinimaxMI.java:51)
	at MinimaxMI.minimaxKiertekeles(MinimaxMI.java:61)
	at MinimaxMI.minimaxKiertekeles(MinimaxMI.java:51)
	at MinimaxMI.minimaxKiertekeles(MinimaxMI.java:61)
	at MinimaxMI.minimaxKiertekeles(MinimaxMI.java:51)
	at MinimaxMI.minimaxKiertekeles(MinimaxMI.java:61)
	at MinimaxMI.minimaxKiertekeles(MinimaxMI.java:51)
	at MinimaxMI.minimaxKiertekeles(MinimaxMI.java:61)
	at MinimaxMI.minimaxKiertekeles(MinimaxMI.java:51)
	at MinimaxMI.minimaxKiertekeles(MinimaxMI.java:61)
	at MinimaxMI.minimaxKiertekeles(MinimaxMI.java:51)
	at MinimaxMI.minimaxKiertekeles(MinimaxMI.java:61)
	at MinimaxMI.minimaxKiertekeles(MinimaxMI.java:51)
	at MinimaxMI.minimaxKiertekeles(MinimaxMI.java:61)
	at MinimaxMI.minimaxKiertekeles(MinimaxMI.java:51)
	at MinimaxMI.minimaxKiertekeles(MinimaxMI.java:61)
	at MinimaxMI.minimaxKiertekeles(MinimaxMI.java:51)
	at MinimaxMI.minimaxKiertekeles(MinimaxMI.java:61)
	at MinimaxMI.minimaxKiertekeles(MinimaxMI.java:51)
	at MinimaxMI.minimaxKiertekeles(MinimaxMI.java:61)
	at MinimaxMI.minimaxKiertekeles(MinimaxMI.java:51)
	at MinimaxMI.minimaxKiertekeles(MinimaxMI.java:61)
	at MinimaxMI.minimaxKiertekeles(MinimaxMI.java:51)
	at MinimaxMI.minimaxKiertekeles(MinimaxMI.java:61)
	at MinimaxMI.minimaxKiertekeles(MinimaxMI.java:51)
	at MinimaxMI.minimaxKiertekeles(MinimaxMI.java:61)
	at MinimaxMI.minimaxKiertekeles(MinimaxMI.java:51)
	at MinimaxMI.minimaxKiertekeles(MinimaxMI.java:61)
	at MinimaxMI.minimaxKiertekeles(MinimaxMI.java:51)
	at MinimaxMI.minimaxKiertekeles(MinimaxMI.java:61)
	at MinimaxMI.minimaxKiertekeles(MinimaxMI.java:51)
	at MinimaxMI.minimaxKiertekeles(MinimaxMI.java:61)
	at MinimaxMI.minimaxKiertekeles(MinimaxMI.java:51)
	at MinimaxMI.minimaxKiertekeles(MinimaxMI.java:61)
	at MinimaxMI.minimaxKiertekeles(MinimaxMI.java:51)
	at MinimaxMI.minimaxKiertekeles(MinimaxMI.java:61)
	at MinimaxMI.minimaxKiertekeles(MinimaxMI.java:51)
	at MinimaxMI.minimaxKiertekeles(MinimaxMI.java:61)
	at MinimaxMI.minimaxKiertekeles(MinimaxMI.java:51)
	at MinimaxMI.minimaxKiertekeles(MinimaxMI.java:61)
	at MinimaxMI.minimaxKiertekeles(MinimaxMI.java:51)
	at MinimaxMI.minimaxKiertekeles(MinimaxMI.java:61)
	at MinimaxMI.minimaxKiertekeles(MinimaxMI.java:51)
	at MinimaxMI.minimaxKiertekeles(MinimaxMI.java:61)
	at MinimaxMI.minimaxKiertekeles(MinimaxMI.java:51)
	at MinimaxMI.minimaxKiertekeles(MinimaxMI.java:61)
	at MinimaxMI.minimaxKiertekeles(MinimaxMI.java:51)
	at MinimaxMI.minimaxKiertekeles(MinimaxMI.java:61)
	at MinimaxMI.minimaxKiertekeles(MinimaxMI.java:51)
	at MinimaxMI.minimaxKiertekeles(MinimaxMI.java:61)
	at MinimaxMI.minimaxKiertekeles(MinimaxMI.java:51)
	at MinimaxMI.minimaxKiertekeles(MinimaxMI.java:61)
	at MinimaxMI.minimaxKiertekeles(MinimaxMI.java:51)
	at MinimaxMI.minimaxKiertekeles(MinimaxMI.java:61)
	at MinimaxMI.minimaxKiertekeles(MinimaxMI.java:51)
	at MinimaxMI.minimaxKiertekeles(MinimaxMI.java:61)
	at MinimaxMI.minimaxKiertekeles(MinimaxMI.java:51)
	at MinimaxMI.minimaxKiertekeles(MinimaxMI.java:61)
	at MinimaxMI.minimaxKiertekeles(MinimaxMI.java:51)
	at MinimaxMI.minimaxKiertekeles(MinimaxMI.java:61)
	at MinimaxMI.minimaxKiertekeles(MinimaxMI.java:51)
	at MinimaxMI.minimaxKiertekeles(MinimaxMI.java:61)
	at MinimaxMI.minimaxKiertekeles(MinimaxMI.java:51)
	at MinimaxMI.minimaxKiertekeles(MinimaxMI.java:61)
	at MinimaxMI.minimaxKiertekeles(MinimaxMI.java:51)
	at MinimaxMI.minimaxKiertekeles(MinimaxMI.java:61)
	at MinimaxMI.minimaxKiertekeles(MinimaxMI.java:51)
	at MinimaxMI.minimaxKiertekeles(MinimaxMI.java:61)
	at MinimaxMI.minimaxKiertekeles(MinimaxMI.java:51)
	at MinimaxMI.minimaxKiertekeles(MinimaxMI.java:61)
	at MinimaxMI.minimaxKiertekeles(MinimaxMI.java:51)
	at MinimaxMI.minimaxKiertekeles(MinimaxMI.java:61)
	at MinimaxMI.minimaxKiertekeles(MinimaxMI.java:51)
	at MinimaxMI.minimaxKiertekeles(MinimaxMI.java:61)
	at MinimaxMI.minimaxKiertekeles(MinimaxMI.java:51)
	at MinimaxMI.minimaxKiertekeles(MinimaxMI.java:61)
	at MinimaxMI.minimaxKiertekeles(MinimaxMI.java:51)
	at MinimaxMI.minimaxKiertekeles(MinimaxMI.java:61)
	at MinimaxMI.minimaxKiertekeles(MinimaxMI.java:51)
	at MinimaxMI.minimaxKiertekeles(MinimaxMI.java:61)
	at MinimaxMI.minimaxKiertekeles(MinimaxMI.java:51)
	at MinimaxMI.minimaxKiertekeles(MinimaxMI.java:61)
	at MinimaxMI.minimaxKiertekeles(MinimaxMI.java:51)
	at MinimaxMI.minimaxKiertekeles(MinimaxMI.java:61)
	at MinimaxMI.minimaxKiertekeles(MinimaxMI.java:51)
	at MinimaxMI.minimaxKiertekeles(MinimaxMI.java:61)
	at MinimaxMI.minimaxKiertekeles(MinimaxMI.java:51)
	at MinimaxMI.minimaxKiertekeles(MinimaxMI.java:61)
	at MinimaxMI.minimaxKiertekeles(MinimaxMI.java:51)
	at MinimaxMI.minimaxKiertekeles(MinimaxMI.java:61)
	at MinimaxMI.minimaxKiertekeles(MinimaxMI.java:51)
	at MinimaxMI.minimaxKiertekeles(MinimaxMI.java:61)
	at MinimaxMI.minimaxKiertekeles(MinimaxMI.java:51)
	at MinimaxMI.minimaxKiertekeles(MinimaxMI.java:61)
	at MinimaxMI.minimaxKiertekeles(MinimaxMI.java:51)
	at MinimaxMI.minimaxKiertekeles(MinimaxMI.java:61)
	at MinimaxMI.minimaxKiertekeles(MinimaxMI.java:51)
	at MinimaxMI.minimaxKiertekeles(MinimaxMI.java:61)
	at MinimaxMI.minimaxKiertekeles(MinimaxMI.java:51)
	at MinimaxMI.minimaxKiertekeles(MinimaxMI.java:61)
	at MinimaxMI.minimaxKiertekeles(MinimaxMI.java:51)
	at MinimaxMI.minimaxKiertekeles(MinimaxMI.java:61)
	at MinimaxMI.minimaxKiertekeles(MinimaxMI.java:51)
	at MinimaxMI.minimaxKiertekeles(MinimaxMI.java:61)
	at MinimaxMI.minimaxKiertekeles(MinimaxMI.java:51)
	at MinimaxMI.minimaxKiertekeles(MinimaxMI.java:61)
	at MinimaxMI.minimaxKiertekeles(MinimaxMI.java:51)
	at MinimaxMI.minimaxKiertekeles(MinimaxMI.java:61)
	at MinimaxMI.minimaxKiertekeles(MinimaxMI.java:51)
	at MinimaxMI.minimaxKiertekeles(MinimaxMI.java:61)
	at MinimaxMI.minimaxKiertekeles(MinimaxMI.java:51)
	at MinimaxMI.minimaxKiertekeles(MinimaxMI.java:61)
	at MinimaxMI.minimaxKiertekeles(MinimaxMI.java:51)
	at MinimaxMI.minimaxKiertekeles(MinimaxMI.java:61)
	at MinimaxMI.minimaxKiertekeles(MinimaxMI.java:51)
	at MinimaxMI.minimaxKiertekeles(MinimaxMI.java:61)
	at MinimaxMI.minimaxKiertekeles(MinimaxMI.java:51)
	at MinimaxMI.minimaxKiertekeles(MinimaxMI.java:61)
	at MinimaxMI.minimaxKiertekeles(MinimaxMI.java:51)
	at MinimaxMI.minimaxKiertekeles(MinimaxMI.java:61)
	at MinimaxMI.minimaxKiertekeles(MinimaxMI.java:51)
	at MinimaxMI.minimaxKiertekeles(MinimaxMI.java:61)
	at MinimaxMI.minimaxKiertekeles(MinimaxMI.java:51)
	at MinimaxMI.minimaxKiertekeles(MinimaxMI.java:61)
	at MinimaxMI.minimaxKiertekeles(MinimaxMI.java:51)
	at MinimaxMI.minimaxKiertekeles(MinimaxMI.java:61)
	at MinimaxMI.minimaxKiertekeles(MinimaxMI.java:51)
	at MinimaxMI.minimaxKiertekeles(MinimaxMI.java:61)
	at MinimaxMI.minimaxKiertekeles(MinimaxMI.java:51)
	at MinimaxMI.minimaxKiertekeles(MinimaxMI.java:61)
	at MinimaxMI.minimaxKiertekeles(MinimaxMI.java:51)
	at MinimaxMI.minimaxKiertekeles(MinimaxMI.java:61)
	at MinimaxMI.minimaxKiertekeles(MinimaxMI.java:51)
	at MinimaxMI.minimaxKiertekeles(MinimaxMI.java:61)
	at MinimaxMI.minimaxKiertekeles(MinimaxMI.java:51)
	at MinimaxMI.minimaxKiertekeles(MinimaxMI.java:61)
	at MinimaxMI.minimaxKiertekeles(MinimaxMI.java:51)
	at MinimaxMI.minimaxKiertekeles(MinimaxMI.java:61)
	at MinimaxMI.minimaxKiertekeles(MinimaxMI.java:51)
	at MinimaxMI.minimaxKiertekeles(MinimaxMI.java:61)
	at MinimaxMI.minimaxKiertekeles(MinimaxMI.java:51)
	at MinimaxMI.minimaxKiertekeles(MinimaxMI.java:61)
	at MinimaxMI.minimaxKiertekeles(MinimaxMI.java:51)
	at MinimaxMI.minimaxKiertekeles(MinimaxMI.java:61)
	at MinimaxMI.minimaxKiertekeles(MinimaxMI.java:51)
	at MinimaxMI.minimaxKiertekeles(MinimaxMI.java:61)
	at MinimaxMI.minimaxKiertekeles(MinimaxMI.java:51)
	at MinimaxMI.minimaxKiertekeles(MinimaxMI.java:61)
	at MinimaxMI.minimaxKiertekeles(MinimaxMI.java:51)
	at MinimaxMI.minimaxKiertekeles(MinimaxMI.java:61)
	at MinimaxMI.minimaxKiertekeles(MinimaxMI.java:51)
	at MinimaxMI.minimaxKiertekeles(MinimaxMI.java:61)
	at MinimaxMI.minimaxKiertekeles(MinimaxMI.java:51)
	at MinimaxMI.minimaxKiertekeles(MinimaxMI.java:61)
	at MinimaxMI.minimaxKiertekeles(MinimaxMI.java:51)
	at MinimaxMI.minimaxKiertekeles(MinimaxMI.java:61)
	at MinimaxMI.minimaxKiertekeles(MinimaxMI.java:51)
	at MinimaxMI.minimaxKiertekeles(MinimaxMI.java:61)
	at MinimaxMI.minimaxKiertekeles(MinimaxMI.java:51)
	at MinimaxMI.minimaxKiertekeles(MinimaxMI.java:61)
	at MinimaxMI.minimaxKiertekeles(MinimaxMI.java:51)
	at MinimaxMI.minimaxKiertekeles(MinimaxMI.java:61)
	at MinimaxMI.minimaxKiertekeles(MinimaxMI.java:51)
	at MinimaxMI.minimaxKiertekeles(MinimaxMI.java:61)
	at MinimaxMI.minimaxKiertekeles(MinimaxMI.java:51)
	at MinimaxMI.minimaxKiertekeles(MinimaxMI.java:61)
	at MinimaxMI.minimaxKiertekeles(MinimaxMI.java:51)
	at MinimaxMI.minimaxKiertekeles(MinimaxMI.java:61)
	at MinimaxMI.minimaxKiertekeles(MinimaxMI.java:51)
	at MinimaxMI.minimaxKiertekeles(MinimaxMI.java:61)
	at MinimaxMI.minimaxKiertekeles(MinimaxMI.java:51)
	at MinimaxMI.minimaxKiertekeles(MinimaxMI.java:61)
	at MinimaxMI.minimaxKiertekeles(MinimaxMI.java:51)
	at MinimaxMI.minimaxKiertekeles(MinimaxMI.java:61)
	at MinimaxMI.minimaxKiertekeles(MinimaxMI.java:51)
	at MinimaxMI.minimaxKiertekeles(MinimaxMI.java:61)
	at MinimaxMI.minimaxKiertekeles(MinimaxMI.java:51)
	at MinimaxMI.minimaxKiertekeles(MinimaxMI.java:61)
	at MinimaxMI.minimaxKiertekeles(MinimaxMI.java:51)
	at MinimaxMI.minimaxKiertekeles(MinimaxMI.java:61)
	at MinimaxMI.minimaxKiertekeles(MinimaxMI.java:51)
	at MinimaxMI.minimaxKiertekeles(MinimaxMI.java:61)
	at MinimaxMI.minimaxKiertekeles(MinimaxMI.java:51)
	at MinimaxMI.minimaxKiertekeles(MinimaxMI.java:61)
	at MinimaxMI.minimaxKiertekeles(MinimaxMI.java:51)
	at MinimaxMI.minimaxKiertekeles(MinimaxMI.java:61)
	at MinimaxMI.minimaxKiertekeles(MinimaxMI.java:51)
	at MinimaxMI.minimaxKiertekeles(MinimaxMI.java:61)
	at MinimaxMI.minimaxKiertekeles(MinimaxMI.java:51)
	at MinimaxMI.minimaxKiertekeles(MinimaxMI.java:61)
	at MinimaxMI.minimaxKiertekeles(MinimaxMI.java:51)
	at MinimaxMI.minimaxKiertekeles(MinimaxMI.java:61)
	at MinimaxMI.minimaxKiertekeles(MinimaxMI.java:51)
	at MinimaxMI.minimaxKiertekeles(MinimaxMI.java:61)
	at MinimaxMI.minimaxKiertekeles(MinimaxMI.java:51)
	at MinimaxMI.minimaxKiertekeles(MinimaxMI.java:61)
	at MinimaxMI.minimaxKiertekeles(MinimaxMI.java:51)
	at MinimaxMI.minimaxKiertekeles(MinimaxMI.java:61)
	at MinimaxMI.minimaxKiertekeles(MinimaxMI.java:51)
	at MinimaxMI.minimaxKiertekeles(MinimaxMI.java:61)
	at MinimaxMI.minimaxKiertekeles(MinimaxMI.java:51)
	at MinimaxMI.minimaxKiertekeles(MinimaxMI.java:61)
	at MinimaxMI.minimaxKiertekeles(MinimaxMI.java:51)
	at MinimaxMI.minimaxKiertekeles(MinimaxMI.java:61)
	at MinimaxMI.minimaxKiertekeles(MinimaxMI.java:51)
	at MinimaxMI.minimaxKiertekeles(MinimaxMI.java:61)
	at MinimaxMI.minimaxKiertekeles(MinimaxMI.java:51)
	at MinimaxMI.minimaxKiertekeles(MinimaxMI.java:61)
	at MinimaxMI.minimaxKiertekeles(MinimaxMI.java:51)
	at MinimaxMI.minimaxKiertekeles(MinimaxMI.java:61)
	at MinimaxMI.minimaxKiertekeles(MinimaxMI.java:51)
	at MinimaxMI.minimaxKiertekeles(MinimaxMI.java:61)
	at MinimaxMI.minimaxKiertekeles(MinimaxMI.java:51)
	at MinimaxMI.minimaxKiertekeles(MinimaxMI.java:61)
	at MinimaxMI.minimaxKiertekeles(MinimaxMI.java:51)
	at MinimaxMI.minimaxKiertekeles(MinimaxMI.java:61)
	at MinimaxMI.minimaxKiertekeles(MinimaxMI.java:51)
	at MinimaxMI.minimaxKiertekeles(MinimaxMI.java:61)
	at MinimaxMI.minimaxKiertekeles(MinimaxMI.java:51)
	at MinimaxMI.minimaxKiertekeles(MinimaxMI.java:61)
	at MinimaxMI.minimaxKiertekeles(MinimaxMI.java:51)
	at MinimaxMI.minimaxKiertekeles(MinimaxMI.java:61)
	at MinimaxMI.minimaxKiertekeles(MinimaxMI.java:51)
	at MinimaxMI.minimaxKiertekeles(MinimaxMI.java:61)
	at MinimaxMI.minimaxKiertekeles(MinimaxMI.java:51)
	at MinimaxMI.minimaxKiertekeles(MinimaxMI.java:61)
	at MinimaxMI.minimaxKiertekeles(MinimaxMI.java:51)
	at MinimaxMI.minimaxKiertekeles(MinimaxMI.java:61)
	at MinimaxMI.minimaxKiertekeles(MinimaxMI.java:51)
	at MinimaxMI.minimaxKiertekeles(MinimaxMI.java:61)
	at MinimaxMI.minimaxKiertekeles(MinimaxMI.java:51)
	at MinimaxMI.minimaxKiertekeles(MinimaxMI.java:61)
	at MinimaxMI.minimaxKiertekeles(MinimaxMI.java:51)
	at MinimaxMI.minimaxKiertekeles(MinimaxMI.java:61)
	at MinimaxMI.minimaxKiertekeles(MinimaxMI.java:51)
	at MinimaxMI.minimaxKiertekeles(MinimaxMI.java:61)
	at MinimaxMI.minimaxKiertekeles(MinimaxMI.java:51)
	at MinimaxMI.minimaxKiertekeles(MinimaxMI.java:61)
	at MinimaxMI.minimaxKiertekeles(MinimaxMI.java:51)
	at MinimaxMI.minimaxKiertekeles(MinimaxMI.java:61)
	at MinimaxMI.minimaxKiertekeles(MinimaxMI.java:51)
	at MinimaxMI.minimaxKiertekeles(MinimaxMI.java:61)
	at MinimaxMI.minimaxKiertekeles(MinimaxMI.java:51)
	at MinimaxMI.minimaxKiertekeles(MinimaxMI.java:61)
	at MinimaxMI.minimaxKiertekeles(MinimaxMI.java:51)
	at MinimaxMI.minimaxKiertekeles(MinimaxMI.java:61)
	at MinimaxMI.minimaxKiertekeles(MinimaxMI.java:51)
	at MinimaxMI.minimaxKiertekeles(MinimaxMI.java:61)
	at MinimaxMI.minimaxKiertekeles(MinimaxMI.java:51)
	at MinimaxMI.minimaxKiertekeles(MinimaxMI.java:61)
	at MinimaxMI.minimaxKiertekeles(MinimaxMI.java:51)
	at MinimaxMI.minimaxKiertekeles(MinimaxMI.java:61)
	at MinimaxMI.minimaxKiertekeles(MinimaxMI.java:51)
	at MinimaxMI.minimaxKiertekeles(MinimaxMI.java:61)
	at MinimaxMI.minimaxKiertekeles(MinimaxMI.java:51)
	at MinimaxMI.minimaxKiertekeles(MinimaxMI.java:61)
	at MinimaxMI.minimaxKiertekeles(MinimaxMI.java:51)
	at MinimaxMI.minimaxKiertekeles(MinimaxMI.java:61)
	at MinimaxMI.minimaxKiertekeles(MinimaxMI.java:51)
	at MinimaxMI.minimaxKiertekeles(MinimaxMI.java:61)
	at MinimaxMI.minimaxKiertekeles(MinimaxMI.java:51)
	at MinimaxMI.minimaxKiertekeles(MinimaxMI.java:61)
	at MinimaxMI.minimaxKiertekeles(MinimaxMI.java:51)
	at MinimaxMI.minimaxKiertekeles(MinimaxMI.java:61)
	at MinimaxMI.minimaxKiertekeles(MinimaxMI.java:51)
	at MinimaxMI.minimaxKiertekeles(MinimaxMI.java:61)
	at MinimaxMI.minimaxKiertekeles(MinimaxMI.java:51)
	at MinimaxMI.minimaxKiertekeles(MinimaxMI.java:61)
	at MinimaxMI.minimaxKiertekeles(MinimaxMI.java:51)
	at MinimaxMI.minimaxKiertekeles(MinimaxMI.java:61)
	at MinimaxMI.minimaxKiertekeles(MinimaxMI.java:51)
	at MinimaxMI.minimaxKiertekeles(MinimaxMI.java:61)
	at MinimaxMI.minimaxKiertekeles(MinimaxMI.java:51)
	at MinimaxMI.minimaxKiertekeles(MinimaxMI.java:61)
	at MinimaxMI.minimaxKiertekeles(MinimaxMI.java:51)
	at MinimaxMI.minimaxKiertekeles(MinimaxMI.java:61)
	at MinimaxMI.minimaxKiertekeles(MinimaxMI.java:51)
	at MinimaxMI.minimaxKiertekeles(MinimaxMI.java:61)
	at MinimaxMI.minimaxKiertekeles(MinimaxMI.java:51)
	at MinimaxMI.minimaxKiertekeles(MinimaxMI.java:61)
	at MinimaxMI.minimaxKiertekeles(MinimaxMI.java:51)
	at MinimaxMI.minimaxKiertekeles(MinimaxMI.java:61)
	at MinimaxMI.minimaxKiertekeles(MinimaxMI.java:51)
	at MinimaxMI.minimaxKiertekeles(MinimaxMI.java:61)
	at MinimaxMI.minimaxKiertekeles(MinimaxMI.java:51)
	at MinimaxMI.minimaxKiertekeles(MinimaxMI.java:61)
	at MinimaxMI.minimaxKiertekeles(MinimaxMI.java:51)
	at MinimaxMI.minimaxKiertekeles(MinimaxMI.java:61)
	at MinimaxMI.minimaxKiertekeles(MinimaxMI.java:51)
	at MinimaxMI.minimaxKiertekeles(MinimaxMI.java:61)
	at MinimaxMI.minimaxKiertekeles(MinimaxMI.java:51)
	at MinimaxMI.minimaxKiertekeles(MinimaxMI.java:61)
	at MinimaxMI.minimaxKiertekeles(MinimaxMI.java:51)
	at MinimaxMI.minimaxKiertekeles(MinimaxMI.java:61)
	at MinimaxMI.minimaxKiertekeles(MinimaxMI.java:51)
	at MinimaxMI.minimaxKiertekeles(MinimaxMI.java:61)
	at MinimaxMI.minimaxKiertekeles(MinimaxMI.java:51)
	at MinimaxMI.minimaxKiertekeles(MinimaxMI.java:61)
	at MinimaxMI.minimaxKiertekeles(MinimaxMI.java:51)
	at MinimaxMI.minimaxKiertekeles(MinimaxMI.java:61)
	at MinimaxMI.minimaxKiertekeles(MinimaxMI.java:51)
	at MinimaxMI.minimaxKiertekeles(MinimaxMI.java:61)
	at MinimaxMI.minimaxKiertekeles(MinimaxMI.java:51)
	at MinimaxMI.minimaxKiertekeles(MinimaxMI.java:61)
	at MinimaxMI.minimaxKiertekeles(MinimaxMI.java:51)
	at MinimaxMI.minimaxKiertekeles(MinimaxMI.java:61)
	at MinimaxMI.minimaxKiertekeles(MinimaxMI.java:51)
	at MinimaxMI.minimaxKiertekeles(MinimaxMI.java:61)
	at MinimaxMI.minimaxKiertekeles(MinimaxMI.java:51)
	at MinimaxMI.minimaxKiertekeles(MinimaxMI.java:61)
	at MinimaxMI.minimaxKiertekeles(MinimaxMI.java:51)
	at MinimaxMI.minimaxKiertekeles(MinimaxMI.java:61)
	at MinimaxMI.minimaxKiertekeles(MinimaxMI.java:51)
	at MinimaxMI.minimaxKiertekeles(MinimaxMI.java:61)
	at MinimaxMI.minimaxKiertekeles(MinimaxMI.java:51)
	at MinimaxMI.minimaxKiertekeles(MinimaxMI.java:61)
	at MinimaxMI.minimaxKiertekeles(MinimaxMI.java:51)
	at MinimaxMI.minimaxKiertekeles(MinimaxMI.java:61)
	at MinimaxMI.minimaxKiertekeles(MinimaxMI.java:51)
	at MinimaxMI.minimaxKiertekeles(MinimaxMI.java:61)
	at MinimaxMI.minimaxKiertekeles(MinimaxMI.java:51)
	at MinimaxMI.minimaxKiertekeles(MinimaxMI.java:61)
	at MinimaxMI.minimaxKiertekeles(MinimaxMI.java:51)
	at MinimaxMI.minimaxKiertekeles(MinimaxMI.java:61)
	at MinimaxMI.minimaxKiertekeles(MinimaxMI.java:51)
	at MinimaxMI.minimaxKiertekeles(MinimaxMI.java:61)
	at MinimaxMI.minimaxKiertekeles(MinimaxMI.java:51)
	at MinimaxMI.minimaxKiertekeles(MinimaxMI.java:61)
	at MinimaxMI.minimaxKiertekeles(MinimaxMI.java:51)
	at MinimaxMI.minimaxKiertekeles(MinimaxMI.java:61)
	at MinimaxMI.minimaxKiertekeles(MinimaxMI.java:51)
	at MinimaxMI.minimaxKiertekeles(MinimaxMI.java:61)
	at MinimaxMI.minimaxKiertekeles(MinimaxMI.java:51)
	at MinimaxMI.minimaxKiertekeles(MinimaxMI.java:61)
	at MinimaxMI.minimaxKiertekeles(MinimaxMI.java:51)
	at MinimaxMI.minimaxKiertekeles(MinimaxMI.java:61)
	at MinimaxMI.minimaxKiertekeles(MinimaxMI.java:51)
	at MinimaxMI.minimaxKiertekeles(MinimaxMI.java:61)
	at MinimaxMI.minimaxKiertekeles(MinimaxMI.java:51)
	at MinimaxMI.minimaxKiertekeles(MinimaxMI.java:61)
	at MinimaxMI.minimaxKiertekeles(MinimaxMI.java:51)
	at MinimaxMI.minimaxKiertekeles(MinimaxMI.java:61)
	at MinimaxMI.minimaxKiertekeles(MinimaxMI.java:51)
	at MinimaxMI.minimaxKiertekeles(MinimaxMI.java:61)
	at MinimaxMI.minimaxKiertekeles(MinimaxMI.java:51)
	at MinimaxMI.minimaxKiertekeles(MinimaxMI.java:61)
	at MinimaxMI.minimaxKiertekeles(MinimaxMI.java:51)
	at MinimaxMI.minimaxKiertekeles(MinimaxMI.java:61)
	at MinimaxMI.minimaxKiertekeles(MinimaxMI.java:51)
	at MinimaxMI.minimaxKiertekeles(MinimaxMI.java:61)
	at MinimaxMI.minimaxKiertekeles(MinimaxMI.java:51)
	at MinimaxMI.minimaxKiertekeles(MinimaxMI.java:61)
	at MinimaxMI.minimaxKiertekeles(MinimaxMI.java:51)
	at MinimaxMI.minimaxKiertekeles(MinimaxMI.java:61)
	at MinimaxMI.minimaxKiertekeles(MinimaxMI.java:51)
	at MinimaxMI.minimaxKiertekeles(MinimaxMI.java:61)
	at MinimaxMI.minimaxKiertekeles(MinimaxMI.java:51)
	at MinimaxMI.minimaxKiertekeles(MinimaxMI.java:61)
	at MinimaxMI.minimaxKiertekeles(MinimaxMI.java:51)
	at MinimaxMI.minimaxKiertekeles(MinimaxMI.java:61)
	at MinimaxMI.minimaxKiertekeles(MinimaxMI.java:51)
	at MinimaxMI.minimaxKiertekeles(MinimaxMI.java:61)
	at MinimaxMI.minimaxKiertekeles(MinimaxMI.java:51)
	at MinimaxMI.minimaxKiertekeles(MinimaxMI.java:61)
	at MinimaxMI.minimaxKiertekeles(MinimaxMI.java:51)
	at MinimaxMI.minimaxKiertekeles(MinimaxMI.java:61)
	at MinimaxMI.minimaxKiertekeles(MinimaxMI.java:51)
	at MinimaxMI.minimaxKiertekeles(MinimaxMI.java:61)
	at MinimaxMI.minimaxKiertekeles(MinimaxMI.java:51)
	at MinimaxMI.minimaxKiertekeles(MinimaxMI.java:61)
	at MinimaxMI.minimaxKiertekeles(MinimaxMI.java:51)
	at MinimaxMI.minimaxKiertekeles(MinimaxMI.java:61)
	at MinimaxMI.minimaxKiertekeles(MinimaxMI.java:51)
	at MinimaxMI.minimaxKiertekeles(MinimaxMI.java:61)
	at MinimaxMI.minimaxKiertekeles(MinimaxMI.java:51)
	at MinimaxMI.minimaxKiertekeles(MinimaxMI.java:61)
	at MinimaxMI.minimaxKiertekeles(MinimaxMI.java:51)
	at MinimaxMI.minimaxKiertekeles(MinimaxMI.java:61)
	at MinimaxMI.minimaxKiertekeles(MinimaxMI.java:51)
	at MinimaxMI.minimaxKiertekeles(MinimaxMI.java:61)
	at MinimaxMI.minimaxKiertekeles(MinimaxMI.java:51)
	at MinimaxMI.minimaxKiertekeles(MinimaxMI.java:61)
	at MinimaxMI.minimaxKiertekeles(MinimaxMI.java:51)
	at MinimaxMI.minimaxKiertekeles(MinimaxMI.java:61)
	at MinimaxMI.minimaxKiertekeles(MinimaxMI.java:51)
	at MinimaxMI.minimaxKiertekeles(MinimaxMI.java:61)
	at MinimaxMI.minimaxKiertekeles(MinimaxMI.java:51)
	at MinimaxMI.minimaxKiertekeles(MinimaxMI.java:61)
	at MinimaxMI.minimaxKiertekeles(MinimaxMI.java:51)
	at MinimaxMI.minimaxKiertekeles(MinimaxMI.java:61)
	at MinimaxMI.minimaxKiertekeles(MinimaxMI.java:51)
	at MinimaxMI.minimaxKiertekeles(MinimaxMI.java:61)
	at MinimaxMI.minimaxKiertekeles(MinimaxMI.java:51)
	at MinimaxMI.minimaxKiertekeles(MinimaxMI.java:61)
	at MinimaxMI.minimaxKiertekeles(MinimaxMI.java:51)
	at MinimaxMI.minimaxKiertekeles(MinimaxMI.java:61)
	at MinimaxMI.minimaxKiertekeles(MinimaxMI.java:51)
	at MinimaxMI.minimaxKiertekeles(MinimaxMI.java:61)
	at MinimaxMI.minimaxKiertekeles(MinimaxMI.java:51)
	at MinimaxMI.minimaxKiertekeles(MinimaxMI.java:61)
	at MinimaxMI.minimaxKiertekeles(MinimaxMI.java:51)
	at MinimaxMI.minimaxKiertekeles(MinimaxMI.java:61)
	at MinimaxMI.minimaxKiertekeles(MinimaxMI.java:51)
	at MinimaxMI.minimaxKiertekeles(MinimaxMI.java:61)
	at MinimaxMI.minimaxKiertekeles(MinimaxMI.java:51)
	at MinimaxMI.minimaxKiertekeles(MinimaxMI.java:61)
	at MinimaxMI.minimaxKiertekeles(MinimaxMI.java:51)
	at MinimaxMI.minimaxKiertekeles(MinimaxMI.java:61)
	at MinimaxMI.minimaxKiertekeles(MinimaxMI.java:51)
	at MinimaxMI.minimaxKiertekeles(MinimaxMI.java:61)
	at MinimaxMI.minimaxKiertekeles(MinimaxMI.java:51)
	at MinimaxMI.minimaxKiertekeles(MinimaxMI.java:61)
	at MinimaxMI.minimaxKiertekeles(MinimaxMI.java:51)
	at MinimaxMI.minimaxKiertekeles(MinimaxMI.java:61)
	at MinimaxMI.minimaxKiertekeles(MinimaxMI.java:51)
	at MinimaxMI.minimaxKiertekeles(MinimaxMI.java:61)
	at MinimaxMI.minimaxKiertekeles(MinimaxMI.java:51)
	at MinimaxMI.minimaxKiertekeles(MinimaxMI.java:61)
	at MinimaxMI.minimaxKiertekeles(MinimaxMI.java:51)
	at MinimaxMI.minimaxKiertekeles(MinimaxMI.java:61)
	at MinimaxMI.minimaxKiertekeles(MinimaxMI.java:51)
	at MinimaxMI.minimaxKiertekeles(MinimaxMI.java:61)
	at MinimaxMI.minimaxKiertekeles(MinimaxMI.java:51)
	at MinimaxMI.minimaxKiertekeles(MinimaxMI.java:61)
	at MinimaxMI.minimaxKiertekeles(MinimaxMI.java:51)
	at MinimaxMI.minimaxKiertekeles(MinimaxMI.java:61)
	at MinimaxMI.minimaxKiertekeles(MinimaxMI.java:51)
	at MinimaxMI.minimaxKiertekeles(MinimaxMI.java:61)
	at MinimaxMI.minimaxKiertekeles(MinimaxMI.java:51)
	at MinimaxMI.minimaxKiertekeles(MinimaxMI.java:61)
	at MinimaxMI.minimaxKiertekeles(MinimaxMI.java:51)
	at MinimaxMI.minimaxKiertekeles(MinimaxMI.java:61)
	at MinimaxMI.minimaxKiertekeles(MinimaxMI.java:51)
	at MinimaxMI.minimaxKiertekeles(MinimaxMI.java:61)
	at MinimaxMI.minimaxKiertekeles(MinimaxMI.java:51)
	at MinimaxMI.minimaxKiertekeles(MinimaxMI.java:61)
	at MinimaxMI.minimaxKiertekeles(MinimaxMI.java:51)
	at MinimaxMI.minimaxKiertekeles(MinimaxMI.java:61)
	at MinimaxMI.minimaxKiertekeles(MinimaxMI.java:51)
	at MinimaxMI.minimaxKiertekeles(MinimaxMI.java:61)
	at MinimaxMI.minimaxKiertekeles(MinimaxMI.java:51)
	at MinimaxMI.minimaxKiertekeles(MinimaxMI.java:61)
	at MinimaxMI.minimaxKiertekeles(MinimaxMI.java:51)
	at MinimaxMI.minimaxKiertekeles(MinimaxMI.java:61)
	at MinimaxMI.minimaxKiertekeles(MinimaxMI.java:51)
	at MinimaxMI.minimaxKiertekeles(MinimaxMI.java:61)
	at MinimaxMI.minimaxKiertekeles(MinimaxMI.java:51)
	at MinimaxMI.minimaxKiertekeles(MinimaxMI.java:61)
	at MinimaxMI.minimaxKiertekeles(MinimaxMI.java:51)
	at MinimaxMI.minimaxKiertekeles(MinimaxMI.java:61)
	at MinimaxMI.minimaxKiertekeles(MinimaxMI.java:51)
	at MinimaxMI.minimaxKiertekeles(MinimaxMI.java:61)
	at MinimaxMI.minimaxKiertekeles(MinimaxMI.java:51)
	at MinimaxMI.minimaxKiertekeles(MinimaxMI.java:61)
	at MinimaxMI.minimaxKiertekeles(MinimaxMI.java:51)
	at MinimaxMI.minimaxKiertekeles(MinimaxMI.java:61)
	at MinimaxMI.minimaxKiertekeles(MinimaxMI.java:51)
	at MinimaxMI.minimaxKiertekeles(MinimaxMI.java:61)
	at MinimaxMI.minimaxKiertekeles(MinimaxMI.java:51)
	at MinimaxMI.minimaxKiertekeles(MinimaxMI.java:61)
	at MinimaxMI.minimaxKiertekeles(MinimaxMI.java:51)
	at MinimaxMI.minimaxKiertekeles(MinimaxMI.java:61)
	at MinimaxMI.minimaxKiertekeles(MinimaxMI.java:51)
	at MinimaxMI.minimaxKiertekeles(MinimaxMI.java:61)
	at MinimaxMI.minimaxKiertekeles(MinimaxMI.java:51)
	at MinimaxMI.minimaxKiertekeles(MinimaxMI.java:61)
	at MinimaxMI.minimaxKiertekeles(MinimaxMI.java:51)
	at MinimaxMI.minimaxKiertekeles(MinimaxMI.java:61)
	at MinimaxMI.minimaxKiertekeles(MinimaxMI.java:51)
	at MinimaxMI.minimaxKiertekeles(MinimaxMI.java:61)
	at MinimaxMI.minimaxKiertekeles(MinimaxMI.java:51)
	at MinimaxMI.minimaxKiertekeles(MinimaxMI.java:61)
	at MinimaxMI.minimaxKiertekeles(MinimaxMI.java:51)
	at MinimaxMI.minimaxKiertekeles(MinimaxMI.java:61)
	at MinimaxMI.minimaxKiertekeles(MinimaxMI.java:51)
	at MinimaxMI.minimaxKiertekeles(MinimaxMI.java:61)
	at MinimaxMI.minimaxKiertekeles(MinimaxMI.java:51)
	at MinimaxMI.minimaxKiertekeles(MinimaxMI.java:61)
	at MinimaxMI.minimaxKiertekeles(MinimaxMI.java:51)
	at MinimaxMI.minimaxKiertekeles(MinimaxMI.java:61)
	at MinimaxMI.minimaxKiertekeles(MinimaxMI.java:51)
	at MinimaxMI.minimaxKiertekeles(MinimaxMI.java:61)
	at MinimaxMI.minimaxKiertekeles(MinimaxMI.java:51)
	at MinimaxMI.minimaxKiertekeles(MinimaxMI.java:61)
	at MinimaxMI.minimaxKiertekeles(MinimaxMI.java:51)
	at MinimaxMI.minimaxKiertekeles(MinimaxMI.java:61)
	at MinimaxMI.minimaxKiertekeles(MinimaxMI.java:51)
	at MinimaxMI.minimaxKiertekeles(MinimaxMI.java:61)
	at MinimaxMI.minimaxKiertekeles(MinimaxMI.java:51)
	at MinimaxMI.minimaxKiertekeles(MinimaxMI.java:61)
	at MinimaxMI.minimaxKiertekeles(MinimaxMI.java:51)
	at MinimaxMI.minimaxKiertekeles(MinimaxMI.java:61)
	at MinimaxMI.minimaxKiertekeles(MinimaxMI.java:51)
	at MinimaxMI.minimaxKiertekeles(MinimaxMI.java:61)
	at MinimaxMI.minimaxKiertekeles(MinimaxMI.java:51)
	at MinimaxMI.minimaxKiertekeles(MinimaxMI.java:61)
	at MinimaxMI.minimaxKiertekeles(MinimaxMI.java:51)
	at MinimaxMI.minimaxKiertekeles(MinimaxMI.java:61)
	at MinimaxMI.minimaxKiertekeles(MinimaxMI.java:51)
	at MinimaxMI.minimaxKiertekeles(MinimaxMI.java:61)
	at MinimaxMI.minimaxKiertekeles(MinimaxMI.java:51)
	at MinimaxMI.minimaxKiertekeles(MinimaxMI.java:61)
	at MinimaxMI.minimaxKiertekeles(MinimaxMI.java:51)
	at MinimaxMI.minimaxKiertekeles(MinimaxMI.java:61)
	at MinimaxMI.minimaxKiertekeles(MinimaxMI.java:51)
	at MinimaxMI.minimaxKiertekeles(MinimaxMI.java:61)
	at MinimaxMI.minimaxKiertekeles(MinimaxMI.java:51)
	at MinimaxMI.minimaxKiertekeles(MinimaxMI.java:61)
	at MinimaxMI.minimaxKiertekeles(MinimaxMI.java:51)
	at MinimaxMI.minimaxKiertekeles(MinimaxMI.java:61)
	at MinimaxMI.minimaxKiertekeles(MinimaxMI.java:51)
	at MinimaxMI.minimaxKiertekeles(MinimaxMI.java:61)
	at MinimaxMI.minimaxKiertekeles(MinimaxMI.java:51)
	at MinimaxMI.minimaxKiertekeles(MinimaxMI.java:61)
	at MinimaxMI.minimaxKiertekeles(MinimaxMI.java:51)
	at MinimaxMI.minimaxKiertekeles(MinimaxMI.java:61)
	at MinimaxMI.minimaxKiertekeles(MinimaxMI.java:51)
	at MinimaxMI.minimaxKiertekeles(MinimaxMI.java:61)
	at MinimaxMI.minimaxKiertekeles(MinimaxMI.java:51)
	at MinimaxMI.minimaxKiertekeles(MinimaxMI.java:61)
	at MinimaxMI.minimaxKiertekeles(MinimaxMI.java:51)
	at MinimaxMI.minimaxKiertekeles(MinimaxMI.java:61)
	at MinimaxMI.minimaxKiertekeles(MinimaxMI.java:51)
	at MinimaxMI.minimaxKiertekeles(MinimaxMI.java:61)
	at MinimaxMI.minimaxKiertekeles(MinimaxMI.java:51)
	at MinimaxMI.minimaxKiertekeles(MinimaxMI.java:61)
	at MinimaxMI.minimaxKiertekeles(MinimaxMI.java:51)
	at MinimaxMI.minimaxKiertekeles(MinimaxMI.java:61)
	at MinimaxMI.minimaxKiertekeles(MinimaxMI.java:51)
	at MinimaxMI.minimaxKiertekeles(MinimaxMI.java:61)
	at MinimaxMI.minimaxKiertekeles(MinimaxMI.java:51)
	at MinimaxMI.minimaxKiertekeles(MinimaxMI.java:61)
	at MinimaxMI.minimaxKiertekeles(MinimaxMI.java:51)
	at MinimaxMI.minimaxKiertekeles(MinimaxMI.java:61)
	at MinimaxMI.minimaxKiertekeles(MinimaxMI.java:51)
	at MinimaxMI.minimaxKiertekeles(MinimaxMI.java:61)
	at MinimaxMI.minimaxKiertekeles(MinimaxMI.java:51)
	at MinimaxMI.minimaxKiertekeles(MinimaxMI.java:61)
	at MinimaxMI.minimaxKiertekeles(MinimaxMI.java:51)
	at MinimaxMI.minimaxKiertekeles(MinimaxMI.java:61)
	at MinimaxMI.minimaxKiertekeles(MinimaxMI.java:51)
	at MinimaxMI.minimaxKiertekeles(MinimaxMI.java:61)
	at MinimaxMI.minimaxKiertekeles(MinimaxMI.java:51)
	at MinimaxMI.minimaxKiertekeles(MinimaxMI.java:61)
	at MinimaxMI.minimaxKiertekeles(MinimaxMI.java:51)
	at MinimaxMI.minimaxKiertekeles(MinimaxMI.java:61)
	at MinimaxMI.minimaxKiertekeles(MinimaxMI.java:51)
	at MinimaxMI.minimaxKiertekeles(MinimaxMI.java:61)
	at MinimaxMI.minimaxKiertekeles(MinimaxMI.java:51)
	at MinimaxMI.minimaxKiertekeles(MinimaxMI.java:61)
	at MinimaxMI.minimaxKiertekeles(MinimaxMI.java:51)
	at MinimaxMI.minimaxKiertekeles(MinimaxMI.java:61)
	at MinimaxMI.minimaxKiertekeles(MinimaxMI.java:51)
	at MinimaxMI.minimaxKiertekeles(MinimaxMI.java:61)
	at MinimaxMI.minimaxKiertekeles(MinimaxMI.java:51)
	at MinimaxMI.minimaxKiertekeles(MinimaxMI.java:61)
	at MinimaxMI.minimaxKiertekeles(MinimaxMI.java:51)
	at MinimaxMI.minimaxKiertekeles(MinimaxMI.java:61)
	at MinimaxMI.minimaxKiertekeles(MinimaxMI.java:51)
	at MinimaxMI.minimaxKiertekeles(MinimaxMI.java:61)
	at MinimaxMI.minimaxKiertekeles(MinimaxMI.java:51)
	at MinimaxMI.minimaxKiertekeles(MinimaxMI.java:61)
	at MinimaxMI.minimaxKiertekeles(MinimaxMI.java:51)
	at MinimaxMI.minimaxKiertekeles(MinimaxMI.java:61)
	at MinimaxMI.minimaxKiertekeles(MinimaxMI.java:51)
	at MinimaxMI.minimaxKiertekeles(MinimaxMI.java:61)
	at MinimaxMI.minimaxKiertekeles(MinimaxMI.java:51)
	at MinimaxMI.minimaxKiertekeles(MinimaxMI.java:61)
	at MinimaxMI.minimaxKiertekeles(MinimaxMI.java:51)
	at MinimaxMI.minimaxKiertekeles(MinimaxMI.java:61)
	at MinimaxMI.minimaxKiertekeles(MinimaxMI.java:51)
	at MinimaxMI.minimaxKiertekeles(MinimaxMI.java:61)
	at MinimaxMI.minimaxKiertekeles(MinimaxMI.java:51)
	at MinimaxMI.minimaxKiertekeles(MinimaxMI.java:61)
	at MinimaxMI.minimaxKiertekeles(MinimaxMI.java:51)
	at MinimaxMI.minimaxKiertekeles(MinimaxMI.java:61)
	at MinimaxMI.minimaxKiertekeles(MinimaxMI.java:51)
	at MinimaxMI.minimaxKiertekeles(MinimaxMI.java:61)
	at MinimaxMI.minimaxKiertekeles(MinimaxMI.java:51)
	at MinimaxMI.minimaxKiertekeles(MinimaxMI.java:61)
	at MinimaxMI.minimaxKiertekeles(MinimaxMI.java:51)
	at MinimaxMI.minimaxKiertekeles(MinimaxMI.java:61)
	at MinimaxMI.minimaxKiertekeles(MinimaxMI.java:51)
	at MinimaxMI.minimaxKiertekeles(MinimaxMI.java:61)
	at MinimaxMI.minimaxKiertekeles(MinimaxMI.java:51)
	at MinimaxMI.minimaxKiertekeles(MinimaxMI.java:61)
	at MinimaxMI.minimaxKiertekeles(MinimaxMI.java:51)
	at MinimaxMI.minimaxKiertekeles(MinimaxMI.java:61)
	at MinimaxMI.minimaxKiertekeles(MinimaxMI.java:51)
	at MinimaxMI.minimaxKiertekeles(MinimaxMI.java:61)
	at MinimaxMI.minimaxKiertekeles(MinimaxMI.java:51)
	at MinimaxMI.minimaxKiertekeles(MinimaxMI.java:61)
	at MinimaxMI.minimaxKiertekeles(MinimaxMI.java:51)
	at MinimaxMI.minimaxKiertekeles(MinimaxMI.java:61)
	at MinimaxMI.minimaxKiertekeles(MinimaxMI.java:51)
	at MinimaxMI.minimaxKiertekeles(MinimaxMI.java:61)
	at MinimaxMI.minimaxKiertekeles(MinimaxMI.java:51)
	at MinimaxMI.minimaxKiertekeles(MinimaxMI.java:61)
]]></error>
  </testcase>
  <testcase name="testMinimaxKiertekeloAgalasok" classname="MinimaxMITest" time="0.002"/>
  <testcase name="testVesztesElkeruleseUresAdattartalommal" classname="MinimaxMITest" time="0.001"/>
</testsuite>